<?xml version="1.0" encoding="UTF-8"?>
<!DOCTYPE coverage SYSTEM "http://cobertura.sourceforge.net/xml/coverage-04.dtd">
<coverage line-rate="0.83462685" branch-rate="0" version="" timestamp="1750294007011" lines-covered="1398" lines-valid="1675" branches-covered="0" branches-valid="0" complexity="0">
  <sources>
    <source>/Users/retr0h/git/osapi-io/osapi</source>
  </sources>
  <packages>
    <package name="github.com/retr0h/osapi/internal/api/network" line-rate="1" branch-rate="0" complexity="0">
      <classes>
        <class name="-" filename="internal/api/network/network.go" line-rate="1" branch-rate="0" complexity="0">
          <methods>
            <method name="New" signature="" line-rate="1" branch-rate="0" complexity="0">
              <lines>
                <line number="43" hits="20"></line>
                <line number="44" hits="20"></line>
                <line number="45" hits="20"></line>
                <line number="46" hits="20"></line>
                <line number="47" hits="20"></line>
                <line number="48" hits="20"></line>
                <line number="49" hits="20"></line>
              </lines>
            </method>
          </methods>
          <lines>
            <line number="43" hits="20"></line>
            <line number="44" hits="20"></line>
            <line number="45" hits="20"></line>
            <line number="46" hits="20"></line>
            <line number="47" hits="20"></line>
            <line number="48" hits="20"></line>
            <line number="49" hits="20"></line>
          </lines>
        </class>
        <class name="Network" filename="internal/api/network/network_dns_get_by_interface.go" line-rate="1" branch-rate="0" complexity="0">
          <methods>
            <method name="GetNetworkDNSByInterface" signature="" line-rate="1" branch-rate="0" complexity="0">
              <lines>
                <line number="36" hits="3"></line>
                <line number="37" hits="3"></line>
                <line number="38" hits="3"></line>
                <line number="39" hits="3"></line>
                <line number="40" hits="3"></line>
                <line number="41" hits="3"></line>
                <line number="42" hits="3"></line>
                <line number="43" hits="3"></line>
                <line number="44" hits="3"></line>
                <line number="45" hits="3"></line>
                <line number="46" hits="3"></line>
                <line number="47" hits="3"></line>
                <line number="48" hits="3"></line>
                <line number="49" hits="3"></line>
                <line number="50" hits="3"></line>
                <line number="51" hits="3"></line>
                <line number="52" hits="1"></line>
                <line number="53" hits="1"></line>
                <line number="54" hits="1"></line>
                <line number="55" hits="1"></line>
                <line number="56" hits="1"></line>
                <line number="57" hits="1"></line>
                <line number="59" hits="2"></line>
                <line number="60" hits="1"></line>
                <line number="61" hits="1"></line>
                <line number="62" hits="1"></line>
                <line number="63" hits="1"></line>
                <line number="64" hits="1"></line>
                <line number="66" hits="1"></line>
                <line number="67" hits="1"></line>
                <line number="68" hits="1"></line>
                <line number="69" hits="1"></line>
                <line number="70" hits="1"></line>
                <line number="71" hits="1"></line>
                <line number="72" hits="1"></line>
              </lines>
            </method>
          </methods>
          <lines>
            <line number="36" hits="3"></line>
            <line number="37" hits="3"></line>
            <line number="38" hits="3"></line>
            <line number="39" hits="3"></line>
            <line number="40" hits="3"></line>
            <line number="41" hits="3"></line>
            <line number="42" hits="3"></line>
            <line number="43" hits="3"></line>
            <line number="44" hits="3"></line>
            <line number="45" hits="3"></line>
            <line number="46" hits="3"></line>
            <line number="47" hits="3"></line>
            <line number="48" hits="3"></line>
            <line number="49" hits="3"></line>
            <line number="50" hits="3"></line>
            <line number="51" hits="3"></line>
            <line number="52" hits="1"></line>
            <line number="53" hits="1"></line>
            <line number="54" hits="1"></line>
            <line number="55" hits="1"></line>
            <line number="56" hits="1"></line>
            <line number="57" hits="1"></line>
            <line number="59" hits="2"></line>
            <line number="60" hits="1"></line>
            <line number="61" hits="1"></line>
            <line number="62" hits="1"></line>
            <line number="63" hits="1"></line>
            <line number="64" hits="1"></line>
            <line number="66" hits="1"></line>
            <line number="67" hits="1"></line>
            <line number="68" hits="1"></line>
            <line number="69" hits="1"></line>
            <line number="70" hits="1"></line>
            <line number="71" hits="1"></line>
            <line number="72" hits="1"></line>
          </lines>
        </class>
        <class name="Network" filename="internal/api/network/network_dns_put_by_interface.go" line-rate="1" branch-rate="0" complexity="0">
          <methods>
            <method name="PutNetworkDNS" signature="" line-rate="1" branch-rate="0" complexity="0">
              <lines>
                <line number="44" hits="10"></line>
                <line number="45" hits="10"></line>
                <line number="46" hits="10"></line>
                <line number="47" hits="1"></line>
                <line number="48" hits="1"></line>
                <line number="49" hits="1"></line>
                <line number="50" hits="1"></line>
                <line number="51" hits="1"></line>
                <line number="53" hits="4"></line>
                <line number="54" hits="4"></line>
                <line number="55" hits="4"></line>
                <line number="56" hits="4"></line>
                <line number="57" hits="4"></line>
                <line number="58" hits="4"></line>
                <line number="60" hits="5"></line>
                <line number="61" hits="4"></line>
                <line number="62" hits="4"></line>
                <line number="63" hits="4"></line>
                <line number="65" hits="5"></line>
                <line number="66" hits="4"></line>
                <line number="67" hits="4"></line>
                <line number="68" hits="4"></line>
                <line number="70" hits="5"></line>
                <line number="71" hits="5"></line>
                <line number="72" hits="5"></line>
                <line number="73" hits="5"></line>
                <line number="75" hits="5"></line>
                <line number="76" hits="1"></line>
                <line number="77" hits="1"></line>
                <line number="78" hits="1"></line>
                <line number="79" hits="1"></line>
                <line number="80" hits="1"></line>
                <line number="82" hits="4"></line>
                <line number="83" hits="1"></line>
                <line number="84" hits="1"></line>
                <line number="85" hits="1"></line>
                <line number="86" hits="1"></line>
                <line number="87" hits="1"></line>
                <line number="89" hits="3"></line>
              </lines>
            </method>
          </methods>
          <lines>
            <line number="44" hits="10"></line>
            <line number="45" hits="10"></line>
            <line number="46" hits="10"></line>
            <line number="47" hits="1"></line>
            <line number="48" hits="1"></line>
            <line number="49" hits="1"></line>
            <line number="50" hits="1"></line>
            <line number="51" hits="1"></line>
            <line number="53" hits="4"></line>
            <line number="54" hits="4"></line>
            <line number="55" hits="4"></line>
            <line number="56" hits="4"></line>
            <line number="57" hits="4"></line>
            <line number="58" hits="4"></line>
            <line number="60" hits="5"></line>
            <line number="61" hits="4"></line>
            <line number="62" hits="4"></line>
            <line number="63" hits="4"></line>
            <line number="65" hits="5"></line>
            <line number="66" hits="4"></line>
            <line number="67" hits="4"></line>
            <line number="68" hits="4"></line>
            <line number="70" hits="5"></line>
            <line number="71" hits="5"></line>
            <line number="72" hits="5"></line>
            <line number="73" hits="5"></line>
            <line number="75" hits="5"></line>
            <line number="76" hits="1"></line>
            <line number="77" hits="1"></line>
            <line number="78" hits="1"></line>
            <line number="79" hits="1"></line>
            <line number="80" hits="1"></line>
            <line number="82" hits="4"></line>
            <line number="83" hits="1"></line>
            <line number="84" hits="1"></line>
            <line number="85" hits="1"></line>
            <line number="86" hits="1"></line>
            <line number="87" hits="1"></line>
            <line number="89" hits="3"></line>
          </lines>
        </class>
        <class name="Network" filename="internal/api/network/network_ping_post.go" line-rate="1" branch-rate="0" complexity="0">
          <methods>
            <method name="PostNetworkPing" signature="" line-rate="1" branch-rate="0" complexity="0">
              <lines>
                <line number="37" hits="7"></line>
                <line number="38" hits="7"></line>
                <line number="39" hits="7"></line>
                <line number="40" hits="1"></line>
                <line number="41" hits="1"></line>
                <line number="42" hits="1"></line>
                <line number="43" hits="1"></line>
                <line number="44" hits="1"></line>
                <line number="46" hits="3"></line>
                <line number="47" hits="3"></line>
                <line number="48" hits="3"></line>
                <line number="49" hits="3"></line>
                <line number="50" hits="3"></line>
                <line number="51" hits="3"></line>
                <line number="53" hits="3"></line>
                <line number="54" hits="1"></line>
                <line number="55" hits="1"></line>
                <line number="56" hits="1"></line>
                <line number="57" hits="1"></line>
                <line number="58" hits="1"></line>
                <line number="60" hits="2"></line>
                <line number="61" hits="2"></line>
                <line number="62" hits="2"></line>
                <line number="63" hits="2"></line>
                <line number="64" hits="2"></line>
                <line number="65" hits="2"></line>
                <line number="66" hits="2"></line>
                <line number="67" hits="2"></line>
              </lines>
            </method>
          </methods>
          <lines>
            <line number="37" hits="7"></line>
            <line number="38" hits="7"></line>
            <line number="39" hits="7"></line>
            <line number="40" hits="1"></line>
            <line number="41" hits="1"></line>
            <line number="42" hits="1"></line>
            <line number="43" hits="1"></line>
            <line number="44" hits="1"></line>
            <line number="46" hits="3"></line>
            <line number="47" hits="3"></line>
            <line number="48" hits="3"></line>
            <line number="49" hits="3"></line>
            <line number="50" hits="3"></line>
            <line number="51" hits="3"></line>
            <line number="53" hits="3"></line>
            <line number="54" hits="1"></line>
            <line number="55" hits="1"></line>
            <line number="56" hits="1"></line>
            <line number="57" hits="1"></line>
            <line number="58" hits="1"></line>
            <line number="60" hits="2"></line>
            <line number="61" hits="2"></line>
            <line number="62" hits="2"></line>
            <line number="63" hits="2"></line>
            <line number="64" hits="2"></line>
            <line number="65" hits="2"></line>
            <line number="66" hits="2"></line>
            <line number="67" hits="2"></line>
          </lines>
        </class>
        <class name="-" filename="internal/api/network/network_ping_post.go" line-rate="1" branch-rate="0" complexity="0">
          <methods>
            <method name="durationToString" signature="" line-rate="1" branch-rate="0" complexity="0">
              <lines>
                <line number="71" hits="11"></line>
                <line number="72" hits="1"></line>
                <line number="73" hits="1"></line>
                <line number="74" hits="1"></line>
                <line number="75" hits="10"></line>
                <line number="76" hits="10"></line>
              </lines>
            </method>
          </methods>
          <lines>
            <line number="71" hits="11"></line>
            <line number="72" hits="1"></line>
            <line number="73" hits="1"></line>
            <line number="74" hits="1"></line>
            <line number="75" hits="10"></line>
            <line number="76" hits="10"></line>
          </lines>
        </class>
      </classes>
    </package>
    <package name="github.com/retr0h/osapi/internal/api/system" line-rate="1" branch-rate="0" complexity="0">
      <classes>
        <class name="-" filename="internal/api/system/system.go" line-rate="1" branch-rate="0" complexity="0">
          <methods>
            <method name="New" signature="" line-rate="1" branch-rate="0" complexity="0">
              <lines>
                <line number="40" hits="9"></line>
                <line number="41" hits="9"></line>
                <line number="42" hits="9"></line>
                <line number="43" hits="9"></line>
                <line number="44" hits="9"></line>
                <line number="45" hits="9"></line>
                <line number="46" hits="9"></line>
                <line number="47" hits="9"></line>
              </lines>
            </method>
          </methods>
          <lines>
            <line number="40" hits="9"></line>
            <line number="41" hits="9"></line>
            <line number="42" hits="9"></line>
            <line number="43" hits="9"></line>
            <line number="44" hits="9"></line>
            <line number="45" hits="9"></line>
            <line number="46" hits="9"></line>
            <line number="47" hits="9"></line>
          </lines>
        </class>
        <class name="System" filename="internal/api/system/system_hostname_get.go" line-rate="1" branch-rate="0" complexity="0">
          <methods>
            <method name="GetSystemHostname" signature="" line-rate="1" branch-rate="0" complexity="0">
              <lines>
                <line number="33" hits="2"></line>
                <line number="34" hits="2"></line>
                <line number="35" hits="1"></line>
                <line number="36" hits="1"></line>
                <line number="37" hits="1"></line>
                <line number="38" hits="1"></line>
                <line number="39" hits="1"></line>
                <line number="40" hits="1"></line>
                <line number="42" hits="1"></line>
                <line number="43" hits="1"></line>
                <line number="44" hits="1"></line>
              </lines>
            </method>
          </methods>
          <lines>
            <line number="33" hits="2"></line>
            <line number="34" hits="2"></line>
            <line number="35" hits="1"></line>
            <line number="36" hits="1"></line>
            <line number="37" hits="1"></line>
            <line number="38" hits="1"></line>
            <line number="39" hits="1"></line>
            <line number="40" hits="1"></line>
            <line number="42" hits="1"></line>
            <line number="43" hits="1"></line>
            <line number="44" hits="1"></line>
          </lines>
        </class>
        <class name="System" filename="internal/api/system/system_status_get.go" line-rate="1" branch-rate="0" complexity="0">
          <methods>
            <method name="GetSystemStatus" signature="" line-rate="1" branch-rate="0" complexity="0">
              <lines>
                <line number="35" hits="7"></line>
                <line number="36" hits="7"></line>
                <line number="37" hits="1"></line>
                <line number="38" hits="1"></line>
                <line number="39" hits="1"></line>
                <line number="40" hits="1"></line>
                <line number="41" hits="1"></line>
                <line number="42" hits="1"></line>
                <line number="44" hits="6"></line>
                <line number="45" hits="1"></line>
                <line number="46" hits="1"></line>
                <line number="47" hits="1"></line>
                <line number="48" hits="1"></line>
                <line number="49" hits="1"></line>
                <line number="50" hits="1"></line>
                <line number="52" hits="5"></line>
                <line number="53" hits="1"></line>
                <line number="54" hits="1"></line>
                <line number="55" hits="1"></line>
                <line number="56" hits="1"></line>
                <line number="57" hits="1"></line>
                <line number="58" hits="1"></line>
                <line number="60" hits="4"></line>
                <line number="61" hits="1"></line>
                <line number="62" hits="1"></line>
                <line number="63" hits="1"></line>
                <line number="64" hits="1"></line>
                <line number="65" hits="1"></line>
                <line number="66" hits="1"></line>
                <line number="68" hits="3"></line>
                <line number="69" hits="1"></line>
                <line number="70" hits="1"></line>
                <line number="71" hits="1"></line>
                <line number="72" hits="1"></line>
                <line number="73" hits="1"></line>
                <line number="74" hits="1"></line>
                <line number="76" hits="2"></line>
                <line number="77" hits="1"></line>
                <line number="78" hits="1"></line>
                <line number="79" hits="1"></line>
                <line number="80" hits="1"></line>
                <line number="81" hits="1"></line>
                <line number="82" hits="1"></line>
                <line number="85" hits="1"></line>
                <line number="86" hits="1"></line>
                <line number="87" hits="1"></line>
                <line number="88" hits="1"></line>
                <line number="89" hits="1"></line>
                <line number="90" hits="1"></line>
                <line number="91" hits="1"></line>
                <line number="92" hits="1"></line>
                <line number="93" hits="1"></line>
                <line number="94" hits="1"></line>
                <line number="96" hits="1"></line>
                <line number="97" hits="1"></line>
                <line number="98" hits="1"></line>
                <line number="99" hits="1"></line>
                <line number="100" hits="1"></line>
                <line number="101" hits="1"></line>
                <line number="102" hits="1"></line>
                <line number="103" hits="1"></line>
                <line number="104" hits="1"></line>
                <line number="105" hits="1"></line>
                <line number="106" hits="1"></line>
                <line number="107" hits="1"></line>
                <line number="108" hits="1"></line>
                <line number="109" hits="1"></line>
                <line number="110" hits="1"></line>
                <line number="111" hits="1"></line>
                <line number="112" hits="1"></line>
                <line number="113" hits="1"></line>
                <line number="114" hits="1"></line>
                <line number="115" hits="1"></line>
                <line number="116" hits="1"></line>
                <line number="117" hits="1"></line>
              </lines>
            </method>
          </methods>
          <lines>
            <line number="35" hits="7"></line>
            <line number="36" hits="7"></line>
            <line number="37" hits="1"></line>
            <line number="38" hits="1"></line>
            <line number="39" hits="1"></line>
            <line number="40" hits="1"></line>
            <line number="41" hits="1"></line>
            <line number="42" hits="1"></line>
            <line number="44" hits="6"></line>
            <line number="45" hits="1"></line>
            <line number="46" hits="1"></line>
            <line number="47" hits="1"></line>
            <line number="48" hits="1"></line>
            <line number="49" hits="1"></line>
            <line number="50" hits="1"></line>
            <line number="52" hits="5"></line>
            <line number="53" hits="1"></line>
            <line number="54" hits="1"></line>
            <line number="55" hits="1"></line>
            <line number="56" hits="1"></line>
            <line number="57" hits="1"></line>
            <line number="58" hits="1"></line>
            <line number="60" hits="4"></line>
            <line number="61" hits="1"></line>
            <line number="62" hits="1"></line>
            <line number="63" hits="1"></line>
            <line number="64" hits="1"></line>
            <line number="65" hits="1"></line>
            <line number="66" hits="1"></line>
            <line number="68" hits="3"></line>
            <line number="69" hits="1"></line>
            <line number="70" hits="1"></line>
            <line number="71" hits="1"></line>
            <line number="72" hits="1"></line>
            <line number="73" hits="1"></line>
            <line number="74" hits="1"></line>
            <line number="76" hits="2"></line>
            <line number="77" hits="1"></line>
            <line number="78" hits="1"></line>
            <line number="79" hits="1"></line>
            <line number="80" hits="1"></line>
            <line number="81" hits="1"></line>
            <line number="82" hits="1"></line>
            <line number="85" hits="1"></line>
            <line number="86" hits="1"></line>
            <line number="87" hits="1"></line>
            <line number="88" hits="1"></line>
            <line number="89" hits="1"></line>
            <line number="90" hits="1"></line>
            <line number="91" hits="1"></line>
            <line number="92" hits="1"></line>
            <line number="93" hits="1"></line>
            <line number="94" hits="1"></line>
            <line number="96" hits="1"></line>
            <line number="97" hits="1"></line>
            <line number="98" hits="1"></line>
            <line number="99" hits="1"></line>
            <line number="100" hits="1"></line>
            <line number="101" hits="1"></line>
            <line number="102" hits="1"></line>
            <line number="103" hits="1"></line>
            <line number="104" hits="1"></line>
            <line number="105" hits="1"></line>
            <line number="106" hits="1"></line>
            <line number="107" hits="1"></line>
            <line number="108" hits="1"></line>
            <line number="109" hits="1"></line>
            <line number="110" hits="1"></line>
            <line number="111" hits="1"></line>
            <line number="112" hits="1"></line>
            <line number="113" hits="1"></line>
            <line number="114" hits="1"></line>
            <line number="115" hits="1"></line>
            <line number="116" hits="1"></line>
            <line number="117" hits="1"></line>
          </lines>
        </class>
        <class name="-" filename="internal/api/system/system_status_get.go" line-rate="1" branch-rate="0" complexity="0">
          <methods>
            <method name="formatDuration" signature="" line-rate="1" branch-rate="0" complexity="0">
              <lines>
                <line number="120" hits="10"></line>
                <line number="121" hits="10"></line>
                <line number="122" hits="10"></line>
                <line number="123" hits="10"></line>
                <line number="124" hits="10"></line>
                <line number="125" hits="10"></line>
                <line number="126" hits="10"></line>
                <line number="127" hits="10"></line>
                <line number="128" hits="8"></line>
                <line number="129" hits="8"></line>
                <line number="130" hits="8"></line>
                <line number="132" hits="10"></line>
                <line number="133" hits="7"></line>
                <line number="134" hits="7"></line>
                <line number="135" hits="7"></line>
                <line number="137" hits="10"></line>
                <line number="138" hits="8"></line>
                <line number="139" hits="8"></line>
                <line number="140" hits="8"></line>
                <line number="143" hits="10"></line>
              </lines>
            </method>
            <method name="uint64ToInt" signature="" line-rate="1" branch-rate="0" complexity="0">
              <lines>
                <line number="147" hits="10"></line>
                <line number="148" hits="10"></line>
                <line number="149" hits="2"></line>
                <line number="150" hits="2"></line>
                <line number="151" hits="2"></line>
                <line number="152" hits="8"></line>
              </lines>
            </method>
          </methods>
          <lines>
            <line number="120" hits="10"></line>
            <line number="121" hits="10"></line>
            <line number="122" hits="10"></line>
            <line number="123" hits="10"></line>
            <line number="124" hits="10"></line>
            <line number="125" hits="10"></line>
            <line number="126" hits="10"></line>
            <line number="127" hits="10"></line>
            <line number="128" hits="8"></line>
            <line number="129" hits="8"></line>
            <line number="130" hits="8"></line>
            <line number="132" hits="10"></line>
            <line number="133" hits="7"></line>
            <line number="134" hits="7"></line>
            <line number="135" hits="7"></line>
            <line number="137" hits="10"></line>
            <line number="138" hits="8"></line>
            <line number="139" hits="8"></line>
            <line number="140" hits="8"></line>
            <line number="143" hits="10"></line>
            <line number="147" hits="10"></line>
            <line number="148" hits="10"></line>
            <line number="149" hits="2"></line>
            <line number="150" hits="2"></line>
            <line number="151" hits="2"></line>
            <line number="152" hits="8"></line>
          </lines>
        </class>
      </classes>
    </package>
    <package name="github.com/retr0h/osapi/internal/api/task" line-rate="0.94949496" branch-rate="0" complexity="0">
      <classes>
        <class name="Task" filename="internal/api/task/delete_id.go" line-rate="1" branch-rate="0" complexity="0">
          <methods>
            <method name="DeleteTaskID" signature="" line-rate="1" branch-rate="0" complexity="0">
              <lines>
                <line number="36" hits="3"></line>
                <line number="37" hits="3"></line>
                <line number="38" hits="2"></line>
                <line number="39" hits="1"></line>
                <line number="40" hits="1"></line>
                <line number="41" hits="1"></line>
                <line number="42" hits="1"></line>
                <line number="43" hits="1"></line>
                <line number="45" hits="1"></line>
                <line number="46" hits="1"></line>
                <line number="47" hits="1"></line>
                <line number="50" hits="1"></line>
              </lines>
            </method>
          </methods>
          <lines>
            <line number="36" hits="3"></line>
            <line number="37" hits="3"></line>
            <line number="38" hits="2"></line>
            <line number="39" hits="1"></line>
            <line number="40" hits="1"></line>
            <line number="41" hits="1"></line>
            <line number="42" hits="1"></line>
            <line number="43" hits="1"></line>
            <line number="45" hits="1"></line>
            <line number="46" hits="1"></line>
            <line number="47" hits="1"></line>
            <line number="50" hits="1"></line>
          </lines>
        </class>
        <class name="Task" filename="internal/api/task/get.go" line-rate="1" branch-rate="0" complexity="0">
          <methods>
            <method name="GetTask" signature="" line-rate="1" branch-rate="0" complexity="0">
              <lines>
                <line number="34" hits="3"></line>
                <line number="35" hits="3"></line>
                <line number="36" hits="3"></line>
                <line number="37" hits="3"></line>
                <line number="38" hits="1"></line>
                <line number="39" hits="1"></line>
                <line number="40" hits="1"></line>
                <line number="41" hits="1"></line>
                <line number="42" hits="1"></line>
                <line number="44" hits="2"></line>
                <line number="45" hits="2"></line>
                <line number="46" hits="2"></line>
                <line number="47" hits="2"></line>
                <line number="48" hits="2"></line>
                <line number="49" hits="2"></line>
                <line number="50" hits="2"></line>
                <line number="51" hits="2"></line>
                <line number="52" hits="2"></line>
                <line number="54" hits="2"></line>
                <line number="55" hits="1"></line>
                <line number="56" hits="1"></line>
                <line number="57" hits="1"></line>
                <line number="58" hits="1"></line>
                <line number="59" hits="1"></line>
                <line number="61" hits="1"></line>
                <line number="62" hits="1"></line>
                <line number="63" hits="1"></line>
                <line number="64" hits="1"></line>
              </lines>
            </method>
          </methods>
          <lines>
            <line number="34" hits="3"></line>
            <line number="35" hits="3"></line>
            <line number="36" hits="3"></line>
            <line number="37" hits="3"></line>
            <line number="38" hits="1"></line>
            <line number="39" hits="1"></line>
            <line number="40" hits="1"></line>
            <line number="41" hits="1"></line>
            <line number="42" hits="1"></line>
            <line number="44" hits="2"></line>
            <line number="45" hits="2"></line>
            <line number="46" hits="2"></line>
            <line number="47" hits="2"></line>
            <line number="48" hits="2"></line>
            <line number="49" hits="2"></line>
            <line number="50" hits="2"></line>
            <line number="51" hits="2"></line>
            <line number="52" hits="2"></line>
            <line number="54" hits="2"></line>
            <line number="55" hits="1"></line>
            <line number="56" hits="1"></line>
            <line number="57" hits="1"></line>
            <line number="58" hits="1"></line>
            <line number="59" hits="1"></line>
            <line number="61" hits="1"></line>
            <line number="62" hits="1"></line>
            <line number="63" hits="1"></line>
            <line number="64" hits="1"></line>
          </lines>
        </class>
        <class name="Task" filename="internal/api/task/get_id.go" line-rate="1" branch-rate="0" complexity="0">
          <methods>
            <method name="GetTaskID" signature="" line-rate="1" branch-rate="0" complexity="0">
              <lines>
                <line number="36" hits="3"></line>
                <line number="37" hits="3"></line>
                <line number="38" hits="2"></line>
                <line number="39" hits="1"></line>
                <line number="40" hits="1"></line>
                <line number="41" hits="1"></line>
                <line number="42" hits="1"></line>
                <line number="43" hits="1"></line>
                <line number="45" hits="1"></line>
                <line number="46" hits="1"></line>
                <line number="47" hits="1"></line>
                <line number="50" hits="1"></line>
                <line number="51" hits="1"></line>
                <line number="52" hits="1"></line>
                <line number="53" hits="1"></line>
                <line number="54" hits="1"></line>
              </lines>
            </method>
          </methods>
          <lines>
            <line number="36" hits="3"></line>
            <line number="37" hits="3"></line>
            <line number="38" hits="2"></line>
            <line number="39" hits="1"></line>
            <line number="40" hits="1"></line>
            <line number="41" hits="1"></line>
            <line number="42" hits="1"></line>
            <line number="43" hits="1"></line>
            <line number="45" hits="1"></line>
            <line number="46" hits="1"></line>
            <line number="47" hits="1"></line>
            <line number="50" hits="1"></line>
            <line number="51" hits="1"></line>
            <line number="52" hits="1"></line>
            <line number="53" hits="1"></line>
            <line number="54" hits="1"></line>
          </lines>
        </class>
        <class name="Task" filename="internal/api/task/get_status.go" line-rate="1" branch-rate="0" complexity="0">
          <methods>
            <method name="GetTaskStatus" signature="" line-rate="1" branch-rate="0" complexity="0">
              <lines>
                <line number="34" hits="2"></line>
                <line number="35" hits="2"></line>
                <line number="36" hits="1"></line>
                <line number="37" hits="1"></line>
                <line number="38" hits="1"></line>
                <line number="39" hits="1"></line>
                <line number="40" hits="1"></line>
                <line number="42" hits="1"></line>
                <line number="43" hits="1"></line>
                <line number="44" hits="1"></line>
              </lines>
            </method>
          </methods>
          <lines>
            <line number="34" hits="2"></line>
            <line number="35" hits="2"></line>
            <line number="36" hits="1"></line>
            <line number="37" hits="1"></line>
            <line number="38" hits="1"></line>
            <line number="39" hits="1"></line>
            <line number="40" hits="1"></line>
            <line number="42" hits="1"></line>
            <line number="43" hits="1"></line>
            <line number="44" hits="1"></line>
          </lines>
        </class>
        <class name="Task" filename="internal/api/task/post.go" line-rate="0.8214286" branch-rate="0" complexity="0">
          <methods>
            <method name="PostTask" signature="" line-rate="0.8214286" branch-rate="0" complexity="0">
              <lines>
                <line number="35" hits="4"></line>
                <line number="36" hits="4"></line>
                <line number="37" hits="4"></line>
                <line number="38" hits="1"></line>
                <line number="39" hits="1"></line>
                <line number="40" hits="1"></line>
                <line number="41" hits="1"></line>
                <line number="42" hits="1"></line>
                <line number="44" hits="1"></line>
                <line number="45" hits="1"></line>
                <line number="46" hits="1"></line>
                <line number="47" hits="1"></line>
                <line number="48" hits="1"></line>
                <line number="51" hits="2"></line>
                <line number="52" hits="0"></line>
                <line number="53" hits="0"></line>
                <line number="54" hits="0"></line>
                <line number="55" hits="0"></line>
                <line number="56" hits="0"></line>
                <line number="58" hits="2"></line>
                <line number="59" hits="1"></line>
                <line number="60" hits="1"></line>
                <line number="61" hits="1"></line>
                <line number="62" hits="1"></line>
                <line number="63" hits="1"></line>
                <line number="65" hits="1"></line>
                <line number="66" hits="1"></line>
                <line number="67" hits="1"></line>
              </lines>
            </method>
          </methods>
          <lines>
            <line number="35" hits="4"></line>
            <line number="36" hits="4"></line>
            <line number="37" hits="4"></line>
            <line number="38" hits="1"></line>
            <line number="39" hits="1"></line>
            <line number="40" hits="1"></line>
            <line number="41" hits="1"></line>
            <line number="42" hits="1"></line>
            <line number="44" hits="1"></line>
            <line number="45" hits="1"></line>
            <line number="46" hits="1"></line>
            <line number="47" hits="1"></line>
            <line number="48" hits="1"></line>
            <line number="51" hits="2"></line>
            <line number="52" hits="0"></line>
            <line number="53" hits="0"></line>
            <line number="54" hits="0"></line>
            <line number="55" hits="0"></line>
            <line number="56" hits="0"></line>
            <line number="58" hits="2"></line>
            <line number="59" hits="1"></line>
            <line number="60" hits="1"></line>
            <line number="61" hits="1"></line>
            <line number="62" hits="1"></line>
            <line number="63" hits="1"></line>
            <line number="65" hits="1"></line>
            <line number="66" hits="1"></line>
            <line number="67" hits="1"></line>
          </lines>
        </class>
        <class name="-" filename="internal/api/task/task.go" line-rate="1" branch-rate="0" complexity="0">
          <methods>
            <method name="New" signature="" line-rate="1" branch-rate="0" complexity="0">
              <lines>
                <line number="34" hits="15"></line>
                <line number="35" hits="15"></line>
                <line number="36" hits="15"></line>
                <line number="37" hits="15"></line>
                <line number="38" hits="15"></line>
              </lines>
            </method>
          </methods>
          <lines>
            <line number="34" hits="15"></line>
            <line number="35" hits="15"></line>
            <line number="36" hits="15"></line>
            <line number="37" hits="15"></line>
            <line number="38" hits="15"></line>
          </lines>
        </class>
      </classes>
    </package>
    <package name="github.com/retr0h/osapi/internal/exec" line-rate="1" branch-rate="0" complexity="0">
      <classes>
        <class name="-" filename="internal/exec/exec.go" line-rate="1" branch-rate="0" complexity="0">
          <methods>
            <method name="New" signature="" line-rate="1" branch-rate="0" complexity="0">
              <lines>
                <line number="32" hits="8"></line>
                <line number="33" hits="8"></line>
                <line number="34" hits="8"></line>
                <line number="35" hits="8"></line>
                <line number="36" hits="8"></line>
              </lines>
            </method>
          </methods>
          <lines>
            <line number="32" hits="8"></line>
            <line number="33" hits="8"></line>
            <line number="34" hits="8"></line>
            <line number="35" hits="8"></line>
            <line number="36" hits="8"></line>
          </lines>
        </class>
        <class name="Exec" filename="internal/exec/exec.go" line-rate="1" branch-rate="0" complexity="0">
          <methods>
            <method name="RunCmdImpl" signature="" line-rate="1" branch-rate="0" complexity="0">
              <lines>
                <line number="45" hits="8"></line>
                <line number="46" hits="8"></line>
                <line number="47" hits="3"></line>
                <line number="48" hits="3"></line>
                <line number="49" hits="3"></line>
                <line number="50" hits="8"></line>
                <line number="51" hits="8"></line>
                <line number="52" hits="8"></line>
                <line number="53" hits="8"></line>
                <line number="54" hits="8"></line>
                <line number="55" hits="8"></line>
                <line number="56" hits="8"></line>
                <line number="57" hits="8"></line>
                <line number="58" hits="2"></line>
                <line number="59" hits="2"></line>
                <line number="60" hits="2"></line>
                <line number="62" hits="6"></line>
              </lines>
            </method>
          </methods>
          <lines>
            <line number="45" hits="8"></line>
            <line number="46" hits="8"></line>
            <line number="47" hits="3"></line>
            <line number="48" hits="3"></line>
            <line number="49" hits="3"></line>
            <line number="50" hits="8"></line>
            <line number="51" hits="8"></line>
            <line number="52" hits="8"></line>
            <line number="53" hits="8"></line>
            <line number="54" hits="8"></line>
            <line number="55" hits="8"></line>
            <line number="56" hits="8"></line>
            <line number="57" hits="8"></line>
            <line number="58" hits="2"></line>
            <line number="59" hits="2"></line>
            <line number="60" hits="2"></line>
            <line number="62" hits="6"></line>
          </lines>
        </class>
        <class name="Exec" filename="internal/exec/run_cmd.go" line-rate="1" branch-rate="0" complexity="0">
          <methods>
            <method name="RunCmd" signature="" line-rate="1" branch-rate="0" complexity="0">
              <lines>
                <line number="28" hits="4"></line>
                <line number="29" hits="4"></line>
                <line number="30" hits="4"></line>
              </lines>
            </method>
          </methods>
          <lines>
            <line number="28" hits="4"></line>
            <line number="29" hits="4"></line>
            <line number="30" hits="4"></line>
          </lines>
        </class>
        <class name="Exec" filename="internal/exec/run_cmd_dir.go" line-rate="1" branch-rate="0" complexity="0">
          <methods>
            <method name="RunCmdInDir" signature="" line-rate="1" branch-rate="0" complexity="0">
              <lines>
                <line number="29" hits="4"></line>
                <line number="30" hits="4"></line>
                <line number="31" hits="4"></line>
              </lines>
            </method>
          </methods>
          <lines>
            <line number="29" hits="4"></line>
            <line number="30" hits="4"></line>
            <line number="31" hits="4"></line>
          </lines>
        </class>
      </classes>
    </package>
    <package name="github.com/retr0h/osapi/internal/job/client" line-rate="0.65485364" branch-rate="0" complexity="0">
      <classes>
        <class name="-" filename="internal/job/client/client.go" line-rate="0.53846157" branch-rate="0" complexity="0">
          <methods>
            <method name="New" signature="" line-rate="0.53846157" branch-rate="0" complexity="0">
              <lines>
                <line number="59" hits="40"></line>
                <line number="60" hits="0"></line>
                <line number="61" hits="0"></line>
                <line number="62" hits="0"></line>
                <line number="63" hits="0"></line>
                <line number="64" hits="0"></line>
                <line number="65" hits="0"></line>
                <line number="67" hits="40"></line>
                <line number="68" hits="40"></line>
                <line number="69" hits="40"></line>
                <line number="70" hits="40"></line>
                <line number="71" hits="40"></line>
                <line number="72" hits="40"></line>
              </lines>
            </method>
          </methods>
          <lines>
            <line number="59" hits="40"></line>
            <line number="60" hits="0"></line>
            <line number="61" hits="0"></line>
            <line number="62" hits="0"></line>
            <line number="63" hits="0"></line>
            <line number="64" hits="0"></line>
            <line number="65" hits="0"></line>
            <line number="67" hits="40"></line>
            <line number="68" hits="40"></line>
            <line number="69" hits="40"></line>
            <line number="70" hits="40"></line>
            <line number="71" hits="40"></line>
            <line number="72" hits="40"></line>
          </lines>
        </class>
        <class name="Client" filename="internal/job/client/client.go" line-rate="0.92105263" branch-rate="0" complexity="0">
          <methods>
            <method name="publishAndWait" signature="" line-rate="0.92105263" branch-rate="0" complexity="0">
              <lines>
                <line number="80" hits="35"></line>
                <line number="81" hits="35"></line>
                <line number="82" hits="35"></line>
                <line number="83" hits="35"></line>
                <line number="84" hits="35"></line>
                <line number="85" hits="35"></line>
                <line number="86" hits="35"></line>
                <line number="87" hits="35"></line>
                <line number="88" hits="35"></line>
                <line number="89" hits="0"></line>
                <line number="90" hits="0"></line>
                <line number="91" hits="0"></line>
                <line number="93" hits="35"></line>
                <line number="94" hits="35"></line>
                <line number="95" hits="35"></line>
                <line number="96" hits="35"></line>
                <line number="97" hits="35"></line>
                <line number="98" hits="35"></line>
                <line number="99" hits="35"></line>
                <line number="100" hits="35"></line>
                <line number="101" hits="35"></line>
                <line number="102" hits="35"></line>
                <line number="103" hits="35"></line>
                <line number="104" hits="35"></line>
                <line number="105" hits="35"></line>
                <line number="106" hits="8"></line>
                <line number="107" hits="8"></line>
                <line number="108" hits="8"></line>
                <line number="111" hits="27"></line>
                <line number="112" hits="1"></line>
                <line number="113" hits="1"></line>
                <line number="114" hits="1"></line>
                <line number="116" hits="26"></line>
                <line number="117" hits="26"></line>
                <line number="118" hits="26"></line>
                <line number="119" hits="26"></line>
                <line number="120" hits="26"></line>
                <line number="121" hits="26"></line>
              </lines>
            </method>
          </methods>
          <lines>
            <line number="80" hits="35"></line>
            <line number="81" hits="35"></line>
            <line number="82" hits="35"></line>
            <line number="83" hits="35"></line>
            <line number="84" hits="35"></line>
            <line number="85" hits="35"></line>
            <line number="86" hits="35"></line>
            <line number="87" hits="35"></line>
            <line number="88" hits="35"></line>
            <line number="89" hits="0"></line>
            <line number="90" hits="0"></line>
            <line number="91" hits="0"></line>
            <line number="93" hits="35"></line>
            <line number="94" hits="35"></line>
            <line number="95" hits="35"></line>
            <line number="96" hits="35"></line>
            <line number="97" hits="35"></line>
            <line number="98" hits="35"></line>
            <line number="99" hits="35"></line>
            <line number="100" hits="35"></line>
            <line number="101" hits="35"></line>
            <line number="102" hits="35"></line>
            <line number="103" hits="35"></line>
            <line number="104" hits="35"></line>
            <line number="105" hits="35"></line>
            <line number="106" hits="8"></line>
            <line number="107" hits="8"></line>
            <line number="108" hits="8"></line>
            <line number="111" hits="27"></line>
            <line number="112" hits="1"></line>
            <line number="113" hits="1"></line>
            <line number="114" hits="1"></line>
            <line number="116" hits="26"></line>
            <line number="117" hits="26"></line>
            <line number="118" hits="26"></line>
            <line number="119" hits="26"></line>
            <line number="120" hits="26"></line>
            <line number="121" hits="26"></line>
          </lines>
        </class>
        <class name="Client" filename="internal/job/client/jobs.go" line-rate="0.46475196" branch-rate="0" complexity="0">
          <methods>
            <method name="CreateJob" signature="" line-rate="0.83146065" branch-rate="0" complexity="0">
              <lines>
                <line number="49" hits="3"></line>
                <line number="50" hits="3"></line>
                <line number="51" hits="3"></line>
                <line number="52" hits="1"></line>
                <line number="53" hits="1"></line>
                <line number="54" hits="1"></line>
                <line number="57" hits="0"></line>
                <line number="58" hits="0"></line>
                <line number="59" hits="0"></line>
                <line number="62" hits="2"></line>
                <line number="63" hits="2"></line>
                <line number="64" hits="2"></line>
                <line number="65" hits="2"></line>
                <line number="66" hits="2"></line>
                <line number="67" hits="2"></line>
                <line number="68" hits="2"></line>
                <line number="69" hits="2"></line>
                <line number="70" hits="2"></line>
                <line number="71" hits="2"></line>
                <line number="72" hits="0"></line>
                <line number="73" hits="0"></line>
                <line number="74" hits="0"></line>
                <line number="77" hits="2"></line>
                <line number="78" hits="2"></line>
                <line number="79" hits="2"></line>
                <line number="80" hits="2"></line>
                <line number="81" hits="2"></line>
                <line number="82" hits="2"></line>
                <line number="83" hits="2"></line>
                <line number="84" hits="2"></line>
                <line number="85" hits="2"></line>
                <line number="86" hits="2"></line>
                <line number="87" hits="2"></line>
                <line number="88" hits="2"></line>
                <line number="89" hits="2"></line>
                <line number="90" hits="2"></line>
                <line number="91" hits="2"></line>
                <line number="92" hits="2"></line>
                <line number="93" hits="2"></line>
                <line number="94" hits="2"></line>
                <line number="95" hits="2"></line>
                <line number="96" hits="0"></line>
                <line number="97" hits="0"></line>
                <line number="98" hits="0"></line>
                <line number="101" hits="2"></line>
                <line number="102" hits="2"></line>
                <line number="103" hits="2"></line>
                <line number="104" hits="2"></line>
                <line number="105" hits="2"></line>
                <line number="106" hits="2"></line>
                <line number="107" hits="2"></line>
                <line number="108" hits="2"></line>
                <line number="109" hits="2"></line>
                <line number="110" hits="1"></line>
                <line number="111" hits="1"></line>
                <line number="112" hits="1"></line>
                <line number="115" hits="1"></line>
                <line number="116" hits="1"></line>
                <line number="117" hits="1"></line>
                <line number="118" hits="1"></line>
                <line number="119" hits="1"></line>
                <line number="120" hits="1"></line>
                <line number="121" hits="1"></line>
                <line number="122" hits="1"></line>
                <line number="123" hits="1"></line>
                <line number="124" hits="1"></line>
                <line number="125" hits="1"></line>
                <line number="126" hits="1"></line>
                <line number="127" hits="1"></line>
                <line number="128" hits="0"></line>
                <line number="129" hits="0"></line>
                <line number="130" hits="0"></line>
                <line number="133" hits="1"></line>
                <line number="134" hits="0"></line>
                <line number="135" hits="0"></line>
                <line number="136" hits="0"></line>
                <line number="138" hits="1"></line>
                <line number="139" hits="1"></line>
                <line number="140" hits="1"></line>
                <line number="141" hits="1"></line>
                <line number="142" hits="1"></line>
                <line number="143" hits="1"></line>
                <line number="144" hits="1"></line>
                <line number="145" hits="1"></line>
                <line number="146" hits="1"></line>
                <line number="147" hits="1"></line>
                <line number="148" hits="1"></line>
                <line number="149" hits="1"></line>
                <line number="150" hits="1"></line>
              </lines>
            </method>
            <method name="GetQueueStats" signature="" line-rate="0.65217394" branch-rate="0" complexity="0">
              <lines>
                <line number="156" hits="1"></line>
                <line number="157" hits="1"></line>
                <line number="158" hits="1"></line>
                <line number="159" hits="0"></line>
                <line number="160" hits="0"></line>
                <line number="161" hits="0"></line>
                <line number="162" hits="0"></line>
                <line number="163" hits="0"></line>
                <line number="164" hits="0"></line>
                <line number="165" hits="0"></line>
                <line number="166" hits="0"></line>
                <line number="167" hits="0"></line>
                <line number="168" hits="0"></line>
                <line number="169" hits="0"></line>
                <line number="170" hits="0"></line>
                <line number="171" hits="0"></line>
                <line number="172" hits="0"></line>
                <line number="173" hits="0"></line>
                <line number="176" hits="1"></line>
                <line number="177" hits="1"></line>
                <line number="178" hits="1"></line>
                <line number="179" hits="1"></line>
                <line number="180" hits="1"></line>
                <line number="181" hits="1"></line>
                <line number="182" hits="1"></line>
                <line number="183" hits="1"></line>
                <line number="184" hits="1"></line>
                <line number="185" hits="1"></line>
                <line number="186" hits="1"></line>
                <line number="187" hits="1"></line>
                <line number="188" hits="1"></line>
                <line number="189" hits="2"></line>
                <line number="190" hits="0"></line>
                <line number="191" hits="0"></line>
                <line number="194" hits="2"></line>
                <line number="195" hits="0"></line>
                <line number="196" hits="0"></line>
                <line number="199" hits="2"></line>
                <line number="200" hits="0"></line>
                <line number="201" hits="0"></line>
                <line number="204" hits="2"></line>
                <line number="205" hits="2"></line>
                <line number="206" hits="2"></line>
                <line number="207" hits="2"></line>
                <line number="208" hits="2"></line>
                <line number="209" hits="2"></line>
                <line number="210" hits="2"></line>
                <line number="211" hits="2"></line>
                <line number="212" hits="2"></line>
                <line number="213" hits="2"></line>
                <line number="214" hits="2"></line>
                <line number="215" hits="2"></line>
                <line number="216" hits="2"></line>
                <line number="217" hits="2"></line>
                <line number="218" hits="2"></line>
                <line number="223" hits="1"></line>
                <line number="224" hits="1"></line>
                <line number="225" hits="1"></line>
                <line number="226" hits="1"></line>
                <line number="227" hits="1"></line>
                <line number="228" hits="0"></line>
                <line number="229" hits="0"></line>
                <line number="230" hits="0"></line>
                <line number="232" hits="1"></line>
                <line number="233" hits="1"></line>
                <line number="234" hits="1"></line>
                <line number="235" hits="1"></line>
                <line number="236" hits="1"></line>
                <line number="237" hits="1"></line>
              </lines>
            </method>
            <method name="GetJobStatus" signature="" line-rate="0.9166667" branch-rate="0" complexity="0">
              <lines>
                <line number="244" hits="3"></line>
                <line number="245" hits="3"></line>
                <line number="246" hits="3"></line>
                <line number="247" hits="3"></line>
                <line number="248" hits="1"></line>
                <line number="249" hits="1"></line>
                <line number="250" hits="1"></line>
                <line number="252" hits="2"></line>
                <line number="253" hits="1"></line>
                <line number="254" hits="1"></line>
                <line number="255" hits="1"></line>
                <line number="258" hits="1"></line>
                <line number="259" hits="0"></line>
                <line number="260" hits="0"></line>
                <line number="261" hits="0"></line>
                <line number="264" hits="1"></line>
                <line number="265" hits="1"></line>
                <line number="266" hits="1"></line>
                <line number="267" hits="1"></line>
                <line number="268" hits="1"></line>
                <line number="269" hits="1"></line>
                <line number="270" hits="1"></line>
                <line number="271" hits="1"></line>
                <line number="272" hits="1"></line>
                <line number="273" hits="1"></line>
                <line number="274" hits="1"></line>
                <line number="275" hits="1"></line>
                <line number="276" hits="1"></line>
                <line number="277" hits="1"></line>
                <line number="278" hits="1"></line>
                <line number="279" hits="1"></line>
                <line number="280" hits="1"></line>
                <line number="281" hits="1"></line>
                <line number="282" hits="1"></line>
                <line number="283" hits="1"></line>
                <line number="285" hits="1"></line>
              </lines>
            </method>
            <method name="ListJobs" signature="" line-rate="0.25925925" branch-rate="0" complexity="0">
              <lines>
                <line number="292" hits="2"></line>
                <line number="293" hits="2"></line>
                <line number="294" hits="2"></line>
                <line number="295" hits="1"></line>
                <line number="296" hits="1"></line>
                <line number="297" hits="1"></line>
                <line number="298" hits="1"></line>
                <line number="301" hits="0"></line>
                <line number="302" hits="0"></line>
                <line number="303" hits="0"></line>
                <line number="304" hits="0"></line>
                <line number="305" hits="0"></line>
                <line number="306" hits="0"></line>
                <line number="310" hits="0"></line>
                <line number="311" hits="0"></line>
                <line number="312" hits="0"></line>
                <line number="316" hits="0"></line>
                <line number="317" hits="0"></line>
                <line number="318" hits="0"></line>
                <line number="319" hits="0"></line>
                <line number="320" hits="0"></line>
                <line number="321" hits="0"></line>
                <line number="322" hits="0"></line>
                <line number="326" hits="0"></line>
                <line number="327" hits="0"></line>
                <line number="330" hits="0"></line>
                <line number="333" hits="0"></line>
              </lines>
            </method>
            <method name="computeStatusFromEvents" signature="" line-rate="0.09154929" branch-rate="0" complexity="0">
              <lines>
                <line number="358" hits="3"></line>
                <line number="359" hits="3"></line>
                <line number="360" hits="3"></line>
                <line number="361" hits="3"></line>
                <line number="362" hits="3"></line>
                <line number="363" hits="3"></line>
                <line number="364" hits="3"></line>
                <line number="365" hits="3"></line>
                <line number="366" hits="3"></line>
                <line number="367" hits="3"></line>
                <line number="368" hits="0"></line>
                <line number="369" hits="0"></line>
                <line number="370" hits="0"></line>
                <line number="371" hits="0"></line>
                <line number="375" hits="3"></line>
                <line number="376" hits="3"></line>
                <line number="377" hits="3"></line>
                <line number="380" hits="0"></line>
                <line number="381" hits="0"></line>
                <line number="382" hits="0"></line>
                <line number="383" hits="0"></line>
                <line number="384" hits="0"></line>
                <line number="385" hits="0"></line>
                <line number="386" hits="0"></line>
                <line number="387" hits="0"></line>
                <line number="388" hits="0"></line>
                <line number="389" hits="0"></line>
                <line number="390" hits="0"></line>
                <line number="391" hits="0"></line>
                <line number="394" hits="0"></line>
                <line number="395" hits="0"></line>
                <line number="396" hits="0"></line>
                <line number="399" hits="0"></line>
                <line number="400" hits="0"></line>
                <line number="401" hits="0"></line>
                <line number="402" hits="0"></line>
                <line number="403" hits="0"></line>
                <line number="404" hits="0"></line>
                <line number="405" hits="0"></line>
                <line number="406" hits="0"></line>
                <line number="410" hits="0"></line>
                <line number="411" hits="0"></line>
                <line number="412" hits="0"></line>
                <line number="413" hits="0"></line>
                <line number="414" hits="0"></line>
                <line number="415" hits="0"></line>
                <line number="416" hits="0"></line>
                <line number="417" hits="0"></line>
                <line number="418" hits="0"></line>
                <line number="419" hits="0"></line>
                <line number="420" hits="0"></line>
                <line number="421" hits="0"></line>
                <line number="422" hits="0"></line>
                <line number="423" hits="0"></line>
                <line number="424" hits="0"></line>
                <line number="425" hits="0"></line>
                <line number="426" hits="0"></line>
                <line number="427" hits="0"></line>
                <line number="428" hits="0"></line>
                <line number="429" hits="0"></line>
                <line number="430" hits="0"></line>
                <line number="431" hits="0"></line>
                <line number="432" hits="0"></line>
                <line number="433" hits="0"></line>
                <line number="437" hits="0"></line>
                <line number="438" hits="0"></line>
                <line number="439" hits="0"></line>
                <line number="440" hits="0"></line>
                <line number="441" hits="0"></line>
                <line number="442" hits="0"></line>
                <line number="443" hits="0"></line>
                <line number="444" hits="0"></line>
                <line number="445" hits="0"></line>
                <line number="446" hits="0"></line>
                <line number="449" hits="0"></line>
                <line number="450" hits="0"></line>
                <line number="451" hits="0"></line>
                <line number="455" hits="0"></line>
                <line number="456" hits="0"></line>
                <line number="457" hits="0"></line>
                <line number="458" hits="0"></line>
                <line number="462" hits="0"></line>
                <line number="463" hits="0"></line>
                <line number="464" hits="0"></line>
                <line number="465" hits="0"></line>
                <line number="466" hits="0"></line>
                <line number="469" hits="0"></line>
                <line number="470" hits="0"></line>
                <line number="471" hits="0"></line>
                <line number="472" hits="0"></line>
                <line number="473" hits="0"></line>
                <line number="474" hits="0"></line>
                <line number="475" hits="0"></line>
                <line number="476" hits="0"></line>
                <line number="477" hits="0"></line>
                <line number="478" hits="0"></line>
                <line number="479" hits="0"></line>
                <line number="480" hits="0"></line>
                <line number="483" hits="0"></line>
                <line number="484" hits="0"></line>
                <line number="485" hits="0"></line>
                <line number="486" hits="0"></line>
                <line number="487" hits="0"></line>
                <line number="488" hits="0"></line>
                <line number="489" hits="0"></line>
                <line number="490" hits="0"></line>
                <line number="491" hits="0"></line>
                <line number="492" hits="0"></line>
                <line number="493" hits="0"></line>
                <line number="498" hits="0"></line>
                <line number="502" hits="0"></line>
                <line number="503" hits="0"></line>
                <line number="504" hits="0"></line>
                <line number="505" hits="0"></line>
                <line number="506" hits="0"></line>
                <line number="507" hits="0"></line>
                <line number="508" hits="0"></line>
                <line number="509" hits="0"></line>
                <line number="510" hits="0"></line>
                <line number="511" hits="0"></line>
                <line number="512" hits="0"></line>
                <line number="513" hits="0"></line>
                <line number="514" hits="0"></line>
                <line number="515" hits="0"></line>
                <line number="516" hits="0"></line>
                <line number="520" hits="0"></line>
                <line number="521" hits="0"></line>
                <line number="522" hits="0"></line>
                <line number="523" hits="0"></line>
                <line number="524" hits="0"></line>
                <line number="525" hits="0"></line>
                <line number="526" hits="0"></line>
                <line number="527" hits="0"></line>
                <line number="528" hits="0"></line>
                <line number="529" hits="0"></line>
                <line number="530" hits="0"></line>
                <line number="531" hits="0"></line>
                <line number="532" hits="0"></line>
                <line number="533" hits="0"></line>
                <line number="534" hits="0"></line>
                <line number="535" hits="0"></line>
                <line number="538" hits="0"></line>
              </lines>
            </method>
            <method name="getJobResponses" signature="" line-rate="0.3" branch-rate="0" complexity="0">
              <lines>
                <line number="542" hits="1"></line>
                <line number="543" hits="1"></line>
                <line number="544" hits="1"></line>
                <line number="545" hits="1"></line>
                <line number="546" hits="1"></line>
                <line number="547" hits="0"></line>
                <line number="548" hits="0"></line>
                <line number="549" hits="0"></line>
                <line number="552" hits="0"></line>
                <line number="553" hits="0"></line>
                <line number="554" hits="0"></line>
                <line number="557" hits="0"></line>
                <line number="558" hits="0"></line>
                <line number="559" hits="0"></line>
                <line number="563" hits="0"></line>
                <line number="564" hits="0"></line>
                <line number="565" hits="0"></line>
                <line number="566" hits="0"></line>
                <line number="567" hits="0"></line>
                <line number="570" hits="1"></line>
              </lines>
            </method>
          </methods>
          <lines>
            <line number="49" hits="3"></line>
            <line number="50" hits="3"></line>
            <line number="51" hits="3"></line>
            <line number="52" hits="1"></line>
            <line number="53" hits="1"></line>
            <line number="54" hits="1"></line>
            <line number="57" hits="0"></line>
            <line number="58" hits="0"></line>
            <line number="59" hits="0"></line>
            <line number="62" hits="2"></line>
            <line number="63" hits="2"></line>
            <line number="64" hits="2"></line>
            <line number="65" hits="2"></line>
            <line number="66" hits="2"></line>
            <line number="67" hits="2"></line>
            <line number="68" hits="2"></line>
            <line number="69" hits="2"></line>
            <line number="70" hits="2"></line>
            <line number="71" hits="2"></line>
            <line number="72" hits="0"></line>
            <line number="73" hits="0"></line>
            <line number="74" hits="0"></line>
            <line number="77" hits="2"></line>
            <line number="78" hits="2"></line>
            <line number="79" hits="2"></line>
            <line number="80" hits="2"></line>
            <line number="81" hits="2"></line>
            <line number="82" hits="2"></line>
            <line number="83" hits="2"></line>
            <line number="84" hits="2"></line>
            <line number="85" hits="2"></line>
            <line number="86" hits="2"></line>
            <line number="87" hits="2"></line>
            <line number="88" hits="2"></line>
            <line number="89" hits="2"></line>
            <line number="90" hits="2"></line>
            <line number="91" hits="2"></line>
            <line number="92" hits="2"></line>
            <line number="93" hits="2"></line>
            <line number="94" hits="2"></line>
            <line number="95" hits="2"></line>
            <line number="96" hits="0"></line>
            <line number="97" hits="0"></line>
            <line number="98" hits="0"></line>
            <line number="101" hits="2"></line>
            <line number="102" hits="2"></line>
            <line number="103" hits="2"></line>
            <line number="104" hits="2"></line>
            <line number="105" hits="2"></line>
            <line number="106" hits="2"></line>
            <line number="107" hits="2"></line>
            <line number="108" hits="2"></line>
            <line number="109" hits="2"></line>
            <line number="110" hits="1"></line>
            <line number="111" hits="1"></line>
            <line number="112" hits="1"></line>
            <line number="115" hits="1"></line>
            <line number="116" hits="1"></line>
            <line number="117" hits="1"></line>
            <line number="118" hits="1"></line>
            <line number="119" hits="1"></line>
            <line number="120" hits="1"></line>
            <line number="121" hits="1"></line>
            <line number="122" hits="1"></line>
            <line number="123" hits="1"></line>
            <line number="124" hits="1"></line>
            <line number="125" hits="1"></line>
            <line number="126" hits="1"></line>
            <line number="127" hits="1"></line>
            <line number="128" hits="0"></line>
            <line number="129" hits="0"></line>
            <line number="130" hits="0"></line>
            <line number="133" hits="1"></line>
            <line number="134" hits="0"></line>
            <line number="135" hits="0"></line>
            <line number="136" hits="0"></line>
            <line number="138" hits="1"></line>
            <line number="139" hits="1"></line>
            <line number="140" hits="1"></line>
            <line number="141" hits="1"></line>
            <line number="142" hits="1"></line>
            <line number="143" hits="1"></line>
            <line number="144" hits="1"></line>
            <line number="145" hits="1"></line>
            <line number="146" hits="1"></line>
            <line number="147" hits="1"></line>
            <line number="148" hits="1"></line>
            <line number="149" hits="1"></line>
            <line number="150" hits="1"></line>
            <line number="156" hits="1"></line>
            <line number="157" hits="1"></line>
            <line number="158" hits="1"></line>
            <line number="159" hits="0"></line>
            <line number="160" hits="0"></line>
            <line number="161" hits="0"></line>
            <line number="162" hits="0"></line>
            <line number="163" hits="0"></line>
            <line number="164" hits="0"></line>
            <line number="165" hits="0"></line>
            <line number="166" hits="0"></line>
            <line number="167" hits="0"></line>
            <line number="168" hits="0"></line>
            <line number="169" hits="0"></line>
            <line number="170" hits="0"></line>
            <line number="171" hits="0"></line>
            <line number="172" hits="0"></line>
            <line number="173" hits="0"></line>
            <line number="176" hits="1"></line>
            <line number="177" hits="1"></line>
            <line number="178" hits="1"></line>
            <line number="179" hits="1"></line>
            <line number="180" hits="1"></line>
            <line number="181" hits="1"></line>
            <line number="182" hits="1"></line>
            <line number="183" hits="1"></line>
            <line number="184" hits="1"></line>
            <line number="185" hits="1"></line>
            <line number="186" hits="1"></line>
            <line number="187" hits="1"></line>
            <line number="188" hits="1"></line>
            <line number="189" hits="2"></line>
            <line number="190" hits="0"></line>
            <line number="191" hits="0"></line>
            <line number="194" hits="2"></line>
            <line number="195" hits="0"></line>
            <line number="196" hits="0"></line>
            <line number="199" hits="2"></line>
            <line number="200" hits="0"></line>
            <line number="201" hits="0"></line>
            <line number="204" hits="2"></line>
            <line number="205" hits="2"></line>
            <line number="206" hits="2"></line>
            <line number="207" hits="2"></line>
            <line number="208" hits="2"></line>
            <line number="209" hits="2"></line>
            <line number="210" hits="2"></line>
            <line number="211" hits="2"></line>
            <line number="212" hits="2"></line>
            <line number="213" hits="2"></line>
            <line number="214" hits="2"></line>
            <line number="215" hits="2"></line>
            <line number="216" hits="2"></line>
            <line number="217" hits="2"></line>
            <line number="218" hits="2"></line>
            <line number="223" hits="1"></line>
            <line number="224" hits="1"></line>
            <line number="225" hits="1"></line>
            <line number="226" hits="1"></line>
            <line number="227" hits="1"></line>
            <line number="228" hits="0"></line>
            <line number="229" hits="0"></line>
            <line number="230" hits="0"></line>
            <line number="232" hits="1"></line>
            <line number="233" hits="1"></line>
            <line number="234" hits="1"></line>
            <line number="235" hits="1"></line>
            <line number="236" hits="1"></line>
            <line number="237" hits="1"></line>
            <line number="244" hits="3"></line>
            <line number="245" hits="3"></line>
            <line number="246" hits="3"></line>
            <line number="247" hits="3"></line>
            <line number="248" hits="1"></line>
            <line number="249" hits="1"></line>
            <line number="250" hits="1"></line>
            <line number="252" hits="2"></line>
            <line number="253" hits="1"></line>
            <line number="254" hits="1"></line>
            <line number="255" hits="1"></line>
            <line number="258" hits="1"></line>
            <line number="259" hits="0"></line>
            <line number="260" hits="0"></line>
            <line number="261" hits="0"></line>
            <line number="264" hits="1"></line>
            <line number="265" hits="1"></line>
            <line number="266" hits="1"></line>
            <line number="267" hits="1"></line>
            <line number="268" hits="1"></line>
            <line number="269" hits="1"></line>
            <line number="270" hits="1"></line>
            <line number="271" hits="1"></line>
            <line number="272" hits="1"></line>
            <line number="273" hits="1"></line>
            <line number="274" hits="1"></line>
            <line number="275" hits="1"></line>
[...]
            <line number="60" hits="6"></line>
            <line number="61" hits="6"></line>
            <line number="62" hits="6"></line>
            <line number="63" hits="6"></line>
            <line number="64" hits="6"></line>
          </lines>
        </class>
        <class name="Client" filename="internal/task/client/iterator.go" line-rate="1" branch-rate="0" complexity="0">
          <methods>
            <method name="GetMessageIterator" signature="" line-rate="1" branch-rate="0" complexity="0">
              <lines>
                <line number="35" hits="5"></line>
                <line number="36" hits="5"></line>
                <line number="37" hits="1"></line>
                <line number="38" hits="1"></line>
                <line number="39" hits="1"></line>
                <line number="41" hits="4"></line>
                <line number="42" hits="1"></line>
                <line number="43" hits="1"></line>
                <line number="44" hits="1"></line>
                <line number="46" hits="3"></line>
                <line number="47" hits="1"></line>
                <line number="48" hits="1"></line>
                <line number="49" hits="1"></line>
                <line number="51" hits="2"></line>
              </lines>
            </method>
          </methods>
          <lines>
            <line number="35" hits="5"></line>
            <line number="36" hits="5"></line>
            <line number="37" hits="1"></line>
            <line number="38" hits="1"></line>
            <line number="39" hits="1"></line>
            <line number="41" hits="4"></line>
            <line number="42" hits="1"></line>
            <line number="43" hits="1"></line>
            <line number="44" hits="1"></line>
            <line number="46" hits="3"></line>
            <line number="47" hits="1"></line>
            <line number="48" hits="1"></line>
            <line number="49" hits="1"></line>
            <line number="51" hits="2"></line>
          </lines>
        </class>
        <class name="Client" filename="internal/task/client/list.go" line-rate="1" branch-rate="0" complexity="0">
          <methods>
            <method name="ListUndeliveredMessages" signature="" line-rate="1" branch-rate="0" complexity="0">
              <lines>
                <line number="47" hits="8"></line>
                <line number="48" hits="8"></line>
                <line number="49" hits="1"></line>
                <line number="50" hits="1"></line>
                <line number="51" hits="1"></line>
                <line number="53" hits="7"></line>
                <line number="54" hits="1"></line>
                <line number="55" hits="1"></line>
                <line number="56" hits="1"></line>
                <line number="58" hits="6"></line>
                <line number="59" hits="1"></line>
                <line number="60" hits="1"></line>
                <line number="61" hits="1"></line>
                <line number="63" hits="5"></line>
                <line number="64" hits="5"></line>
                <line number="65" hits="5"></line>
                <line number="66" hits="5"></line>
                <line number="67" hits="5"></line>
                <line number="68" hits="5"></line>
                <line number="69" hits="5"></line>
                <line number="70" hits="1"></line>
                <line number="71" hits="1"></line>
                <line number="72" hits="1"></line>
                <line number="74" hits="4"></line>
                <line number="75" hits="4"></line>
                <line number="76" hits="4"></line>
                <line number="77" hits="4"></line>
                <line number="78" hits="4"></line>
                <line number="79" hits="4"></line>
                <line number="80" hits="4"></line>
                <line number="81" hits="4"></line>
                <line number="82" hits="7"></line>
                <line number="83" hits="1"></line>
                <line number="84" hits="1"></line>
                <line number="85" hits="1"></line>
                <line number="87" hits="6"></line>
                <line number="88" hits="6"></line>
                <line number="89" hits="1"></line>
                <line number="90" hits="1"></line>
                <line number="91" hits="1"></line>
                <line number="93" hits="5"></line>
                <line number="94" hits="5"></line>
                <line number="95" hits="5"></line>
                <line number="96" hits="5"></line>
                <line number="97" hits="5"></line>
                <line number="98" hits="5"></line>
                <line number="99" hits="5"></line>
                <line number="103" hits="2"></line>
              </lines>
            </method>
          </methods>
          <lines>
            <line number="47" hits="8"></line>
            <line number="48" hits="8"></line>
            <line number="49" hits="1"></line>
            <line number="50" hits="1"></line>
            <line number="51" hits="1"></line>
            <line number="53" hits="7"></line>
            <line number="54" hits="1"></line>
            <line number="55" hits="1"></line>
            <line number="56" hits="1"></line>
            <line number="58" hits="6"></line>
            <line number="59" hits="1"></line>
            <line number="60" hits="1"></line>
            <line number="61" hits="1"></line>
            <line number="63" hits="5"></line>
            <line number="64" hits="5"></line>
            <line number="65" hits="5"></line>
            <line number="66" hits="5"></line>
            <line number="67" hits="5"></line>
            <line number="68" hits="5"></line>
            <line number="69" hits="5"></line>
            <line number="70" hits="1"></line>
            <line number="71" hits="1"></line>
            <line number="72" hits="1"></line>
            <line number="74" hits="4"></line>
            <line number="75" hits="4"></line>
            <line number="76" hits="4"></line>
            <line number="77" hits="4"></line>
            <line number="78" hits="4"></line>
            <line number="79" hits="4"></line>
            <line number="80" hits="4"></line>
            <line number="81" hits="4"></line>
            <line number="82" hits="7"></line>
            <line number="83" hits="1"></line>
            <line number="84" hits="1"></line>
            <line number="85" hits="1"></line>
            <line number="87" hits="6"></line>
            <line number="88" hits="6"></line>
            <line number="89" hits="1"></line>
            <line number="90" hits="1"></line>
            <line number="91" hits="1"></line>
            <line number="93" hits="5"></line>
            <line number="94" hits="5"></line>
            <line number="95" hits="5"></line>
            <line number="96" hits="5"></line>
            <line number="97" hits="5"></line>
            <line number="98" hits="5"></line>
            <line number="99" hits="5"></line>
            <line number="103" hits="2"></line>
          </lines>
        </class>
        <class name="Client" filename="internal/task/client/publish.go" line-rate="1" branch-rate="0" complexity="0">
          <methods>
            <method name="PublishToStream" signature="" line-rate="1" branch-rate="0" complexity="0">
              <lines>
                <line number="34" hits="11"></line>
                <line number="35" hits="11"></line>
                <line number="36" hits="1"></line>
                <line number="37" hits="1"></line>
                <line number="38" hits="1"></line>
                <line number="40" hits="10"></line>
              </lines>
            </method>
          </methods>
          <lines>
            <line number="34" hits="11"></line>
            <line number="35" hits="11"></line>
            <line number="36" hits="1"></line>
            <line number="37" hits="1"></line>
            <line number="38" hits="1"></line>
            <line number="40" hits="10"></line>
          </lines>
        </class>
      </classes>
    </package>
    <package name="github.com/retr0h/osapi/internal/task" line-rate="0.6796116" branch-rate="0" complexity="0">
      <classes>
        <class name="-" filename="internal/task/dns.go" line-rate="0.71428573" branch-rate="0" complexity="0">
          <methods>
            <method name="CreateAndMarshalChangeDNSAction" signature="" line-rate="0.71428573" branch-rate="0" complexity="0">
              <lines>
                <line number="34" hits="6"></line>
                <line number="35" hits="6"></line>
                <line number="36" hits="6"></line>
                <line number="37" hits="6"></line>
                <line number="38" hits="6"></line>
                <line number="39" hits="6"></line>
                <line number="40" hits="6"></line>
                <line number="41" hits="6"></line>
                <line number="42" hits="0"></line>
                <line number="43" hits="0"></line>
                <line number="44" hits="0"></line>
                <line number="47" hits="6"></line>
                <line number="48" hits="6"></line>
                <line number="49" hits="6"></line>
                <line number="50" hits="6"></line>
                <line number="51" hits="6"></line>
                <line number="52" hits="6"></line>
                <line number="53" hits="0"></line>
                <line number="54" hits="0"></line>
                <line number="55" hits="0"></line>
                <line number="57" hits="6"></line>
              </lines>
            </method>
          </methods>
          <lines>
            <line number="34" hits="6"></line>
            <line number="35" hits="6"></line>
            <line number="36" hits="6"></line>
            <line number="37" hits="6"></line>
            <line number="38" hits="6"></line>
            <line number="39" hits="6"></line>
            <line number="40" hits="6"></line>
            <line number="41" hits="6"></line>
            <line number="42" hits="0"></line>
            <line number="43" hits="0"></line>
            <line number="44" hits="0"></line>
            <line number="47" hits="6"></line>
            <line number="48" hits="6"></line>
            <line number="49" hits="6"></line>
            <line number="50" hits="6"></line>
            <line number="51" hits="6"></line>
            <line number="52" hits="6"></line>
            <line number="53" hits="0"></line>
            <line number="54" hits="0"></line>
            <line number="55" hits="0"></line>
            <line number="57" hits="6"></line>
          </lines>
        </class>
        <class name="-" filename="internal/task/marshal.go" line-rate="0.6707317" branch-rate="0" complexity="0">
          <methods>
            <method name="MarshalJSON" signature="" line-rate="0" branch-rate="0" complexity="0">
              <lines>
                <line number="29" hits="0"></line>
                <line number="30" hits="0"></line>
                <line number="31" hits="0"></line>
                <line number="32" hits="0"></line>
                <line number="33" hits="0"></line>
                <line number="34" hits="0"></line>
              </lines>
            </method>
            <method name="UnmarshalJSON" signature="" line-rate="1" branch-rate="0" complexity="0">
              <lines>
                <line number="38" hits="18"></line>
                <line number="39" hits="18"></line>
                <line number="40" hits="3"></line>
                <line number="41" hits="3"></line>
                <line number="42" hits="3"></line>
                <line number="43" hits="15"></line>
              </lines>
            </method>
            <method name="MarshalJSONIndent" signature="" line-rate="0" branch-rate="0" complexity="0">
              <lines>
                <line number="47" hits="0"></line>
                <line number="48" hits="0"></line>
                <line number="49" hits="0"></line>
                <line number="50" hits="0"></line>
                <line number="51" hits="0"></line>
                <line number="53" hits="0"></line>
              </lines>
            </method>
            <method name="SafeMarshalTaskToString" signature="" line-rate="0" branch-rate="0" complexity="0">
              <lines>
                <line number="58" hits="0"></line>
                <line number="59" hits="0"></line>
                <line number="60" hits="0"></line>
                <line number="61" hits="0"></line>
                <line number="62" hits="0"></line>
                <line number="63" hits="0"></line>
                <line number="65" hits="0"></line>
                <line number="66" hits="0"></line>
                <line number="67" hits="0"></line>
                <line number="68" hits="0"></line>
                <line number="70" hits="0"></line>
                <line number="71" hits="0"></line>
                <line number="72" hits="0"></line>
                <line number="73" hits="0"></line>
                <line number="75" hits="0"></line>
              </lines>
            </method>
            <method name="SafeMarshalTaskToSummary" signature="" line-rate="1" branch-rate="0" complexity="0">
              <lines>
                <line number="80" hits="11"></line>
                <line number="81" hits="11"></line>
                <line number="82" hits="11"></line>
                <line number="83" hits="1"></line>
                <line number="84" hits="1"></line>
                <line number="85" hits="1"></line>
                <line number="87" hits="10"></line>
                <line number="88" hits="1"></line>
                <line number="89" hits="1"></line>
                <line number="90" hits="1"></line>
                <line number="92" hits="9"></line>
                <line number="93" hits="4"></line>
                <line number="94" hits="4"></line>
                <line number="95" hits="4"></line>
                <line number="96" hits="1"></line>
                <line number="97" hits="1"></line>
                <line number="98" hits="1"></line>
                <line number="100" hits="3"></line>
                <line number="101" hits="2"></line>
                <line number="102" hits="1"></line>
                <line number="103" hits="1"></line>
                <line number="104" hits="1"></line>
                <line number="105" hits="1"></line>
                <line number="106" hits="1"></line>
                <line number="109" hits="3"></line>
                <line number="110" hits="2"></line>
                <line number="111" hits="1"></line>
                <line number="112" hits="1"></line>
                <line number="113" hits="1"></line>
                <line number="114" hits="1"></line>
                <line number="115" hits="1"></line>
                <line number="118" hits="3"></line>
                <line number="120" hits="4"></line>
                <line number="121" hits="4"></line>
                <line number="122" hits="4"></line>
                <line number="123" hits="1"></line>
                <line number="124" hits="1"></line>
                <line number="125" hits="1"></line>
                <line number="127" hits="3"></line>
                <line number="128" hits="2"></line>
                <line number="129" hits="2"></line>
                <line number="130" hits="2"></line>
                <line number="132" hits="3"></line>
                <line number="133" hits="1"></line>
                <line number="134" hits="1"></line>
                <line number="135" hits="1"></line>
                <line number="137" hits="3"></line>
                <line number="139" hits="1"></line>
                <line number="140" hits="1"></line>
              </lines>
            </method>
          </methods>
          <lines>
            <line number="29" hits="0"></line>
            <line number="30" hits="0"></line>
            <line number="31" hits="0"></line>
            <line number="32" hits="0"></line>
            <line number="33" hits="0"></line>
            <line number="34" hits="0"></line>
            <line number="38" hits="18"></line>
            <line number="39" hits="18"></line>
            <line number="40" hits="3"></line>
            <line number="41" hits="3"></line>
            <line number="42" hits="3"></line>
            <line number="43" hits="15"></line>
            <line number="47" hits="0"></line>
            <line number="48" hits="0"></line>
            <line number="49" hits="0"></line>
            <line number="50" hits="0"></line>
            <line number="51" hits="0"></line>
            <line number="53" hits="0"></line>
            <line number="58" hits="0"></line>
            <line number="59" hits="0"></line>
            <line number="60" hits="0"></line>
            <line number="61" hits="0"></line>
            <line number="62" hits="0"></line>
            <line number="63" hits="0"></line>
            <line number="65" hits="0"></line>
            <line number="66" hits="0"></line>
            <line number="67" hits="0"></line>
            <line number="68" hits="0"></line>
            <line number="70" hits="0"></line>
            <line number="71" hits="0"></line>
            <line number="72" hits="0"></line>
            <line number="73" hits="0"></line>
            <line number="75" hits="0"></line>
            <line number="80" hits="11"></line>
            <line number="81" hits="11"></line>
            <line number="82" hits="11"></line>
            <line number="83" hits="1"></line>
            <line number="84" hits="1"></line>
            <line number="85" hits="1"></line>
            <line number="87" hits="10"></line>
            <line number="88" hits="1"></line>
            <line number="89" hits="1"></line>
            <line number="90" hits="1"></line>
            <line number="92" hits="9"></line>
            <line number="93" hits="4"></line>
            <line number="94" hits="4"></line>
            <line number="95" hits="4"></line>
            <line number="96" hits="1"></line>
            <line number="97" hits="1"></line>
            <line number="98" hits="1"></line>
            <line number="100" hits="3"></line>
            <line number="101" hits="2"></line>
            <line number="102" hits="1"></line>
            <line number="103" hits="1"></line>
            <line number="104" hits="1"></line>
            <line number="105" hits="1"></line>
            <line number="106" hits="1"></line>
            <line number="109" hits="3"></line>
            <line number="110" hits="2"></line>
            <line number="111" hits="1"></line>
            <line number="112" hits="1"></line>
            <line number="113" hits="1"></line>
            <line number="114" hits="1"></line>
            <line number="115" hits="1"></line>
            <line number="118" hits="3"></line>
            <line number="120" hits="4"></line>
            <line number="121" hits="4"></line>
            <line number="122" hits="4"></line>
            <line number="123" hits="1"></line>
            <line number="124" hits="1"></line>
            <line number="125" hits="1"></line>
            <line number="127" hits="3"></line>
            <line number="128" hits="2"></line>
            <line number="129" hits="2"></line>
            <line number="130" hits="2"></line>
            <line number="132" hits="3"></line>
            <line number="133" hits="1"></line>
            <line number="134" hits="1"></line>
            <line number="135" hits="1"></line>
            <line number="137" hits="3"></line>
            <line number="139" hits="1"></line>
            <line number="140" hits="1"></line>
          </lines>
        </class>
      </classes>
    </package>
  </packages>
</coverage>
