mode: atomic
github.com/retr0h/osapi/internal/api/network/network_ping_post.go:37.9,40.50 2 7
github.com/retr0h/osapi/internal/api/network/network_ping_post.go:46.2,46.56 1 6
github.com/retr0h/osapi/internal/api/network/network_ping_post.go:53.2,54.16 2 3
github.com/retr0h/osapi/internal/api/network/network_ping_post.go:60.2,67.4 1 2
github.com/retr0h/osapi/internal/api/network/network_ping_post.go:40.50,44.3 1 1
github.com/retr0h/osapi/internal/api/network/network_ping_post.go:46.56,51.3 2 3
github.com/retr0h/osapi/internal/api/network/network_ping_post.go:54.16,58.3 1 1
github.com/retr0h/osapi/internal/api/network/network_ping_post.go:71.49,72.14 1 11
github.com/retr0h/osapi/internal/api/network/network_ping_post.go:75.2,76.13 2 10
github.com/retr0h/osapi/internal/api/network/network_ping_post.go:72.14,74.3 1 1
github.com/retr0h/osapi/internal/api/network/network.go:43.12,49.2 1 20
github.com/retr0h/osapi/internal/api/network/network_dns_get_by_interface.go:36.9,52.48 3 3
github.com/retr0h/osapi/internal/api/network/network_dns_get_by_interface.go:59.2,60.16 2 2
github.com/retr0h/osapi/internal/api/network/network_dns_get_by_interface.go:66.2,72.4 3 1
github.com/retr0h/osapi/internal/api/network/network_dns_get_by_interface.go:52.48,57.3 2 1
github.com/retr0h/osapi/internal/api/network/network_dns_get_by_interface.go:60.16,64.3 1 1
github.com/retr0h/osapi/internal/api/network/network_dns_put_by_interface.go:44.9,47.48 2 10
github.com/retr0h/osapi/internal/api/network/network_dns_put_by_interface.go:53.2,53.54 1 9
github.com/retr0h/osapi/internal/api/network/network_dns_put_by_interface.go:60.2,61.33 2 5
github.com/retr0h/osapi/internal/api/network/network_dns_put_by_interface.go:65.2,66.39 2 5
github.com/retr0h/osapi/internal/api/network/network_dns_put_by_interface.go:70.2,71.39 2 5
github.com/retr0h/osapi/internal/api/network/network_dns_put_by_interface.go:75.2,76.16 2 5
github.com/retr0h/osapi/internal/api/network/network_dns_put_by_interface.go:82.2,83.16 2 4
github.com/retr0h/osapi/internal/api/network/network_dns_put_by_interface.go:89.2,89.43 1 3
github.com/retr0h/osapi/internal/api/network/network_dns_put_by_interface.go:47.48,51.3 1 1
github.com/retr0h/osapi/internal/api/network/network_dns_put_by_interface.go:53.54,58.3 2 4
github.com/retr0h/osapi/internal/api/network/network_dns_put_by_interface.go:61.33,63.3 1 4
github.com/retr0h/osapi/internal/api/network/network_dns_put_by_interface.go:66.39,68.3 1 4
github.com/retr0h/osapi/internal/api/network/network_dns_put_by_interface.go:71.39,73.3 1 5
github.com/retr0h/osapi/internal/api/network/network_dns_put_by_interface.go:76.16,80.3 1 1
github.com/retr0h/osapi/internal/api/network/network_dns_put_by_interface.go:83.16,87.3 1 1
github.com/retr0h/osapi/internal/api/system/system.go:40.11,47.2 1 9
github.com/retr0h/osapi/internal/api/system/system_hostname_get.go:33.48,35.16 2 2
github.com/retr0h/osapi/internal/api/system/system_hostname_get.go:42.2,44.8 1 1
github.com/retr0h/osapi/internal/api/system/system_hostname_get.go:35.16,40.3 2 1
github.com/retr0h/osapi/internal/api/system/system_status_get.go:35.46,37.16 2 7
github.com/retr0h/osapi/internal/api/system/system_status_get.go:44.2,45.16 2 6
github.com/retr0h/osapi/internal/api/system/system_status_get.go:52.2,53.16 2 5
github.com/retr0h/osapi/internal/api/system/system_status_get.go:60.2,61.16 2 4
github.com/retr0h/osapi/internal/api/system/system_status_get.go:68.2,69.16 2 3
github.com/retr0h/osapi/internal/api/system/system_status_get.go:76.2,77.16 2 2
github.com/retr0h/osapi/internal/api/system/system_status_get.go:85.2,86.30 2 1
github.com/retr0h/osapi/internal/api/system/system_status_get.go:96.2,117.8 1 1
github.com/retr0h/osapi/internal/api/system/system_status_get.go:37.16,42.3 2 1
github.com/retr0h/osapi/internal/api/system/system_status_get.go:45.16,50.3 2 1
github.com/retr0h/osapi/internal/api/system/system_status_get.go:53.16,58.3 2 1
github.com/retr0h/osapi/internal/api/system/system_status_get.go:61.16,66.3 2 1
github.com/retr0h/osapi/internal/api/system/system_status_get.go:69.16,74.3 2 1
github.com/retr0h/osapi/internal/api/system/system_status_get.go:77.16,82.3 2 1
github.com/retr0h/osapi/internal/api/system/system_status_get.go:86.30,94.3 2 1
github.com/retr0h/osapi/internal/api/system/system_status_get.go:120.45,128.15 6 10
github.com/retr0h/osapi/internal/api/system/system_status_get.go:132.2,133.16 2 10
github.com/retr0h/osapi/internal/api/system/system_status_get.go:137.2,138.18 2 10
github.com/retr0h/osapi/internal/api/system/system_status_get.go:143.2,143.93 1 10
github.com/retr0h/osapi/internal/api/system/system_status_get.go:128.15,130.3 1 8
github.com/retr0h/osapi/internal/api/system/system_status_get.go:133.16,135.3 1 7
github.com/retr0h/osapi/internal/api/system/system_status_get.go:138.18,140.3 1 8
github.com/retr0h/osapi/internal/api/system/system_status_get.go:147.36,149.28 2 10
github.com/retr0h/osapi/internal/api/system/system_status_get.go:152.2,152.19 1 8
github.com/retr0h/osapi/internal/api/system/system_status_get.go:149.28,151.3 1 2
github.com/retr0h/osapi/internal/api/task/get_id.go:36.9,38.16 2 3
github.com/retr0h/osapi/internal/api/task/get_id.go:50.2,54.4 1 1
github.com/retr0h/osapi/internal/api/task/get_id.go:38.16,39.47 1 2
github.com/retr0h/osapi/internal/api/task/get_id.go:45.3,47.5 1 1
github.com/retr0h/osapi/internal/api/task/get_id.go:39.47,43.4 1 1
github.com/retr0h/osapi/internal/api/task/get_status.go:34.9,36.16 2 2
github.com/retr0h/osapi/internal/api/task/get_status.go:42.2,44.4 1 1
github.com/retr0h/osapi/internal/api/task/get_status.go:36.16,40.3 1 1
github.com/retr0h/osapi/internal/api/task/post.go:35.9,38.43 2 4
github.com/retr0h/osapi/internal/api/task/post.go:44.2,44.57 1 3
github.com/retr0h/osapi/internal/api/task/post.go:51.2,52.16 2 2
github.com/retr0h/osapi/internal/api/task/post.go:58.2,59.16 2 2
github.com/retr0h/osapi/internal/api/task/post.go:65.2,67.4 1 1
github.com/retr0h/osapi/internal/api/task/post.go:38.43,42.3 1 1
github.com/retr0h/osapi/internal/api/task/post.go:44.57,48.3 1 1
github.com/retr0h/osapi/internal/api/task/post.go:52.16,56.3 1 0
github.com/retr0h/osapi/internal/api/task/post.go:59.16,63.3 1 1
github.com/retr0h/osapi/internal/api/task/task.go:34.9,38.2 1 15
github.com/retr0h/osapi/internal/api/task/delete_id.go:36.9,38.16 2 3
github.com/retr0h/osapi/internal/api/task/delete_id.go:50.2,50.44 1 1
github.com/retr0h/osapi/internal/api/task/delete_id.go:38.16,39.47 1 2
github.com/retr0h/osapi/internal/api/task/delete_id.go:45.3,47.5 1 1
github.com/retr0h/osapi/internal/api/task/delete_id.go:39.47,43.4 1 1
github.com/retr0h/osapi/internal/api/task/get.go:34.9,38.16 2 3
github.com/retr0h/osapi/internal/api/task/get.go:44.2,45.30 2 2
github.com/retr0h/osapi/internal/api/task/get.go:54.2,55.16 2 2
github.com/retr0h/osapi/internal/api/task/get.go:61.2,64.4 1 1
github.com/retr0h/osapi/internal/api/task/get.go:38.16,42.3 1 1
github.com/retr0h/osapi/internal/api/task/get.go:45.30,52.3 2 2
github.com/retr0h/osapi/internal/api/task/get.go:55.16,59.3 1 1
github.com/retr0h/osapi/internal/exec/exec.go:32.9,36.2 1 8
github.com/retr0h/osapi/internal/exec/exec.go:45.19,47.15 2 8
github.com/retr0h/osapi/internal/exec/exec.go:50.2,58.16 3 8
github.com/retr0h/osapi/internal/exec/exec.go:62.2,62.25 1 6
github.com/retr0h/osapi/internal/exec/exec.go:47.15,49.3 1 3
github.com/retr0h/osapi/internal/exec/exec.go:58.16,60.3 1 2
github.com/retr0h/osapi/internal/exec/run_cmd.go:28.19,30.2 1 4
github.com/retr0h/osapi/internal/exec/run_cmd_dir.go:29.19,31.2 1 4
github.com/retr0h/osapi/internal/job/config.go:34.68,40.42 3 4
github.com/retr0h/osapi/internal/job/config.go:47.2,48.39 2 4
github.com/retr0h/osapi/internal/job/config.go:54.2,63.3 1 4
github.com/retr0h/osapi/internal/job/config.go:40.42,42.3 1 1
github.com/retr0h/osapi/internal/job/config.go:42.8,44.3 1 3
github.com/retr0h/osapi/internal/job/config.go:48.39,50.3 1 1
github.com/retr0h/osapi/internal/job/config.go:50.8,52.3 1 3
github.com/retr0h/osapi/internal/job/config.go:67.76,73.51 3 3
github.com/retr0h/osapi/internal/job/config.go:79.2,89.3 1 3
github.com/retr0h/osapi/internal/job/config.go:73.51,75.3 1 1
github.com/retr0h/osapi/internal/job/config.go:75.8,77.3 1 2
github.com/retr0h/osapi/internal/job/config.go:93.68,99.38 3 3
github.com/retr0h/osapi/internal/job/config.go:105.2,112.3 1 3
github.com/retr0h/osapi/internal/job/config.go:99.38,101.3 1 1
github.com/retr0h/osapi/internal/job/config.go:101.8,103.3 1 2
github.com/retr0h/osapi/internal/job/subjects.go:79.48,81.2 1 5
github.com/retr0h/osapi/internal/job/subjects.go:85.49,87.2 1 5
github.com/retr0h/osapi/internal/job/subjects.go:91.44,93.2 1 1
github.com/retr0h/osapi/internal/job/subjects.go:97.45,99.2 1 1
github.com/retr0h/osapi/internal/job/subjects.go:109.56,111.2 1 1
github.com/retr0h/osapi/internal/job/subjects.go:117.41,119.2 1 1
github.com/retr0h/osapi/internal/job/subjects.go:123.78,125.16 2 5
github.com/retr0h/osapi/internal/job/subjects.go:128.2,128.22 1 4
github.com/retr0h/osapi/internal/job/subjects.go:125.16,127.3 1 1
github.com/retr0h/osapi/internal/job/subjects.go:133.72,135.21 2 7
github.com/retr0h/osapi/internal/job/subjects.go:139.2,142.30 3 4
github.com/retr0h/osapi/internal/job/subjects.go:135.21,137.3 1 3
github.com/retr0h/osapi/internal/job/subjects.go:147.63,153.2 1 3
github.com/retr0h/osapi/internal/job/subjects.go:159.10,161.2 1 5
github.com/retr0h/osapi/internal/job/subjects.go:166.8,169.2 1 9
github.com/retr0h/osapi/internal/job/subjects.go:173.47,177.2 2 9
github.com/retr0h/osapi/internal/job/client/client.go:59.20,60.17 1 40
github.com/retr0h/osapi/internal/job/client/client.go:63.2,63.26 1 40
github.com/retr0h/osapi/internal/job/client/client.go:67.2,72.8 1 40
github.com/retr0h/osapi/internal/job/client/client.go:60.17,62.3 1 0
github.com/retr0h/osapi/internal/job/client/client.go:63.26,65.3 1 0
github.com/retr0h/osapi/internal/job/client/client.go:80.26,82.25 1 35
github.com/retr0h/osapi/internal/job/client/client.go:85.2,89.16 3 35
github.com/retr0h/osapi/internal/job/client/client.go:93.2,106.16 4 35
github.com/retr0h/osapi/internal/job/client/client.go:111.2,112.64 2 27
github.com/retr0h/osapi/internal/job/client/client.go:116.2,121.23 2 26
github.com/retr0h/osapi/internal/job/client/client.go:82.25,84.3 1 35
github.com/retr0h/osapi/internal/job/client/client.go:89.16,91.3 1 0
github.com/retr0h/osapi/internal/job/client/client.go:106.16,108.3 1 8
github.com/retr0h/osapi/internal/job/client/client.go:112.64,114.3 1 1
github.com/retr0h/osapi/internal/job/client/jobs.go:49.29,52.9 2 3
github.com/retr0h/osapi/internal/job/client/jobs.go:57.2,57.26 1 2
github.com/retr0h/osapi/internal/job/client/jobs.go:62.2,70.47 2 2
github.com/retr0h/osapi/internal/job/client/jobs.go:77.2,96.16 5 2
github.com/retr0h/osapi/internal/job/client/jobs.go:101.2,110.16 4 2
github.com/retr0h/osapi/internal/job/client/jobs.go:115.2,128.64 4 1
github.com/retr0h/osapi/internal/job/client/jobs.go:133.2,134.16 2 1
github.com/retr0h/osapi/internal/job/client/jobs.go:138.2,150.8 2 1
github.com/retr0h/osapi/internal/job/client/jobs.go:52.9,54.3 1 1
github.com/retr0h/osapi/internal/job/client/jobs.go:57.26,59.3 1 0
github.com/retr0h/osapi/internal/job/client/jobs.go:70.47,72.3 1 2
github.com/retr0h/osapi/internal/job/client/jobs.go:72.8,74.3 1 0
github.com/retr0h/osapi/internal/job/client/jobs.go:96.16,98.3 1 0
github.com/retr0h/osapi/internal/job/client/jobs.go:110.16,112.3 1 1
github.com/retr0h/osapi/internal/job/client/jobs.go:128.64,130.3 1 0
github.com/retr0h/osapi/internal/job/client/jobs.go:134.16,136.3 1 0
github.com/retr0h/osapi/internal/job/client/jobs.go:156.28,159.16 2 1
github.com/retr0h/osapi/internal/job/client/jobs.go:176.2,188.27 4 1
github.com/retr0h/osapi/internal/job/client/jobs.go:223.2,225.16 3 1
github.com/retr0h/osapi/internal/job/client/jobs.go:232.2,237.8 1 1
github.com/retr0h/osapi/internal/job/client/jobs.go:159.16,160.43 1 0
github.com/retr0h/osapi/internal/job/client/jobs.go:173.3,173.57 1 0
github.com/retr0h/osapi/internal/job/client/jobs.go:160.43,172.4 1 0
github.com/retr0h/osapi/internal/job/client/jobs.go:188.27,190.39 1 2
github.com/retr0h/osapi/internal/job/client/jobs.go:194.3,195.17 2 2
github.com/retr0h/osapi/internal/job/client/jobs.go:199.3,200.65 2 2
github.com/retr0h/osapi/internal/job/client/jobs.go:204.3,215.80 6 2
github.com/retr0h/osapi/internal/job/client/jobs.go:190.39,191.12 1 0
github.com/retr0h/osapi/internal/job/client/jobs.go:195.17,196.12 1 0
github.com/retr0h/osapi/internal/job/client/jobs.go:200.65,201.12 1 0
github.com/retr0h/osapi/internal/job/client/jobs.go:215.80,216.66 1 2
github.com/retr0h/osapi/internal/job/client/jobs.go:216.66,218.5 1 2
github.com/retr0h/osapi/internal/job/client/jobs.go:225.16,228.3 1 1
github.com/retr0h/osapi/internal/job/client/jobs.go:228.8,230.3 1 0
github.com/retr0h/osapi/internal/job/client/jobs.go:244.27,248.16 3 3
github.com/retr0h/osapi/internal/job/client/jobs.go:252.2,253.64 2 2
github.com/retr0h/osapi/internal/job/client/jobs.go:258.2,259.56 2 1
github.com/retr0h/osapi/internal/job/client/jobs.go:264.2,281.72 4 1
github.com/retr0h/osapi/internal/job/client/jobs.go:285.2,285.23 1 1
github.com/retr0h/osapi/internal/job/client/jobs.go:248.16,250.3 1 1
github.com/retr0h/osapi/internal/job/client/jobs.go:253.64,255.3 1 1
github.com/retr0h/osapi/internal/job/client/jobs.go:259.56,261.3 1 0
github.com/retr0h/osapi/internal/job/client/jobs.go:281.72,283.3 1 1
github.com/retr0h/osapi/internal/job/client/jobs.go:292.29,294.16 2 2
github.com/retr0h/osapi/internal/job/client/jobs.go:301.2,303.27 2 0
github.com/retr0h/osapi/internal/job/client/jobs.go:333.2,333.18 1 0
github.com/retr0h/osapi/internal/job/client/jobs.go:294.16,295.43 1 2
github.com/retr0h/osapi/internal/job/client/jobs.go:298.3,298.57 1 1
github.com/retr0h/osapi/internal/job/client/jobs.go:295.43,297.4 1 1
github.com/retr0h/osapi/internal/job/client/jobs.go:303.27,305.39 1 0
github.com/retr0h/osapi/internal/job/client/jobs.go:310.3,311.18 2 0
github.com/retr0h/osapi/internal/job/client/jobs.go:316.3,317.17 2 0
github.com/retr0h/osapi/internal/job/client/jobs.go:326.3,326.59 1 0
github.com/retr0h/osapi/internal/job/client/jobs.go:330.3,330.31 1 0
github.com/retr0h/osapi/internal/job/client/jobs.go:305.39,306.12 1 0
github.com/retr0h/osapi/internal/job/client/jobs.go:311.18,312.12 1 0
github.com/retr0h/osapi/internal/job/client/jobs.go:317.17,322.12 2 0
github.com/retr0h/osapi/internal/job/client/jobs.go:326.59,327.12 1 0
github.com/retr0h/osapi/internal/job/client/jobs.go:340.10,341.43 1 2
github.com/retr0h/osapi/internal/job/client/jobs.go:344.2,344.11 1 0
github.com/retr0h/osapi/internal/job/client/jobs.go:341.43,343.3 1 2
github.com/retr0h/osapi/internal/job/client/jobs.go:358.94,368.32 4 3
github.com/retr0h/osapi/internal/job/client/jobs.go:375.2,375.28 1 3
github.com/retr0h/osapi/internal/job/client/jobs.go:380.2,388.35 7 0
github.com/retr0h/osapi/internal/job/client/jobs.go:462.2,462.39 1 0
github.com/retr0h/osapi/internal/job/client/jobs.go:469.2,472.44 2 0
github.com/retr0h/osapi/internal/job/client/jobs.go:502.2,507.37 5 0
github.com/retr0h/osapi/internal/job/client/jobs.go:520.2,523.23 2 0
github.com/retr0h/osapi/internal/job/client/jobs.go:538.2,538.15 1 0
github.com/retr0h/osapi/internal/job/client/jobs.go:368.32,369.43 1 0
github.com/retr0h/osapi/internal/job/client/jobs.go:369.43,371.4 1 0
github.com/retr0h/osapi/internal/job/client/jobs.go:375.28,377.3 1 3
github.com/retr0h/osapi/internal/job/client/jobs.go:388.35,390.17 2 0
github.com/retr0h/osapi/internal/job/client/jobs.go:394.3,395.63 2 0
github.com/retr0h/osapi/internal/job/client/jobs.go:399.3,405.26 5 0
github.com/retr0h/osapi/internal/job/client/jobs.go:410.3,417.20 2 0
github.com/retr0h/osapi/internal/job/client/jobs.go:437.3,440.43 2 0
github.com/retr0h/osapi/internal/job/client/jobs.go:455.3,455.27 1 0
github.com/retr0h/osapi/internal/job/client/jobs.go:390.17,391.12 1 0
github.com/retr0h/osapi/internal/job/client/jobs.go:395.63,396.12 1 0
github.com/retr0h/osapi/internal/job/client/jobs.go:405.26,406.12 1 0
github.com/retr0h/osapi/internal/job/client/jobs.go:418.20,419.52 1 0
github.com/retr0h/osapi/internal/job/client/jobs.go:420.23,421.82 1 0
github.com/retr0h/osapi/internal/job/client/jobs.go:422.18,423.81 1 0
github.com/retr0h/osapi/internal/job/client/jobs.go:424.20,425.85 1 0
github.com/retr0h/osapi/internal/job/client/jobs.go:426.17,428.62 2 0
github.com/retr0h/osapi/internal/job/client/jobs.go:428.62,429.49 1 0
github.com/retr0h/osapi/internal/job/client/jobs.go:429.49,433.6 3 0
github.com/retr0h/osapi/internal/job/client/jobs.go:440.43,444.30 2 0
github.com/retr0h/osapi/internal/job/client/jobs.go:449.4,449.57 1 0
github.com/retr0h/osapi/internal/job/client/jobs.go:444.30,446.5 1 0
github.com/retr0h/osapi/internal/job/client/jobs.go:449.57,451.5 1 0
github.com/retr0h/osapi/internal/job/client/jobs.go:455.27,458.4 2 0
github.com/retr0h/osapi/internal/job/client/jobs.go:462.39,463.42 1 0
github.com/retr0h/osapi/internal/job/client/jobs.go:463.42,464.58 1 0
github.com/retr0h/osapi/internal/job/client/jobs.go:464.58,466.5 1 0
github.com/retr0h/osapi/internal/job/client/jobs.go:472.44,478.61 2 0
github.com/retr0h/osapi/internal/job/client/jobs.go:483.3,483.66 1 0
github.com/retr0h/osapi/internal/job/client/jobs.go:498.3,498.46 1 0
github.com/retr0h/osapi/internal/job/client/jobs.go:478.61,480.4 1 0
github.com/retr0h/osapi/internal/job/client/jobs.go:483.66,487.35 2 0
github.com/retr0h/osapi/internal/job/client/jobs.go:487.35,489.62 1 0
github.com/retr0h/osapi/internal/job/client/jobs.go:489.62,493.11 4 0
github.com/retr0h/osapi/internal/job/client/jobs.go:507.37,508.16 1 0
github.com/retr0h/osapi/internal/job/client/jobs.go:509.20,510.15 1 0
github.com/retr0h/osapi/internal/job/client/jobs.go:511.17,512.12 1 0
github.com/retr0h/osapi/internal/job/client/jobs.go:513.18,514.16 1 0
github.com/retr0h/osapi/internal/job/client/jobs.go:515.23,516.18 1 0
github.com/retr0h/osapi/internal/job/client/jobs.go:523.23,525.3 1 0
github.com/retr0h/osapi/internal/job/client/jobs.go:525.8,525.47 1 0
github.com/retr0h/osapi/internal/job/client/jobs.go:525.47,527.3 1 0
github.com/retr0h/osapi/internal/job/client/jobs.go:527.8,527.45 1 0
github.com/retr0h/osapi/internal/job/client/jobs.go:527.45,528.34 1 0
github.com/retr0h/osapi/internal/job/client/jobs.go:528.34,530.4 1 0
github.com/retr0h/osapi/internal/job/client/jobs.go:530.9,530.24 1 0
github.com/retr0h/osapi/internal/job/client/jobs.go:530.24,533.4 2 0
github.com/retr0h/osapi/internal/job/client/jobs.go:533.9,535.4 1 0
github.com/retr0h/osapi/internal/job/client/jobs.go:542.90,547.30 3 1
github.com/retr0h/osapi/internal/job/client/jobs.go:570.2,570.18 1 1
github.com/retr0h/osapi/internal/job/client/jobs.go:547.30,548.46 1 0
github.com/retr0h/osapi/internal/job/client/jobs.go:552.3,553.17 2 0
github.com/retr0h/osapi/internal/job/client/jobs.go:557.3,558.66 2 0
github.com/retr0h/osapi/internal/job/client/jobs.go:563.3,564.25 2 0
github.com/retr0h/osapi/internal/job/client/jobs.go:548.46,549.12 1 0
github.com/retr0h/osapi/internal/job/client/jobs.go:553.17,554.12 1 0
github.com/retr0h/osapi/internal/job/client/jobs.go:558.66,559.12 1 0
github.com/retr0h/osapi/internal/job/client/jobs.go:564.25,567.4 2 0
github.com/retr0h/osapi/internal/job/client/modify.go:39.9,54.16 5 5
github.com/retr0h/osapi/internal/job/client/modify.go:58.2,58.29 1 3
github.com/retr0h/osapi/internal/job/client/modify.go:62.2,62.12 1 2
github.com/retr0h/osapi/internal/job/client/modify.go:54.16,56.3 1 2
github.com/retr0h/osapi/internal/job/client/modify.go:58.29,60.3 1 1
github.com/retr0h/osapi/internal/job/client/modify.go:71.9,73.2 1 2
github.com/retr0h/osapi/internal/job/client/modify.go:80.25,93.16 5 6
github.com/retr0h/osapi/internal/job/client/modify.go:97.2,97.29 1 4
github.com/retr0h/osapi/internal/job/client/modify.go:101.2,102.59 2 3
github.com/retr0h/osapi/internal/job/client/modify.go:106.2,106.21 1 2
github.com/retr0h/osapi/internal/job/client/modify.go:93.16,95.3 1 2
github.com/retr0h/osapi/internal/job/client/modify.go:97.29,99.3 1 1
github.com/retr0h/osapi/internal/job/client/modify.go:102.59,104.3 1 1
github.com/retr0h/osapi/internal/job/client/modify.go:113.25,115.2 1 2
github.com/retr0h/osapi/internal/job/client/query.go:36.38,46.16 4 10
github.com/retr0h/osapi/internal/job/client/query.go:50.2,50.29 1 7
github.com/retr0h/osapi/internal/job/client/query.go:54.2,55.59 2 6
github.com/retr0h/osapi/internal/job/client/query.go:59.2,59.21 1 5
github.com/retr0h/osapi/internal/job/client/query.go:46.16,48.3 1 3
github.com/retr0h/osapi/internal/job/client/query.go:50.29,52.3 1 1
github.com/retr0h/osapi/internal/job/client/query.go:55.59,57.3 1 1
github.com/retr0h/osapi/internal/job/client/query.go:66.19,76.16 4 6
github.com/retr0h/osapi/internal/job/client/query.go:80.2,80.29 1 5
github.com/retr0h/osapi/internal/job/client/query.go:84.2,87.59 2 4
github.com/retr0h/osapi/internal/job/client/query.go:91.2,91.29 1 3
github.com/retr0h/osapi/internal/job/client/query.go:76.16,78.3 1 1
github.com/retr0h/osapi/internal/job/client/query.go:80.29,82.3 1 1
github.com/retr0h/osapi/internal/job/client/query.go:87.59,89.3 1 1
github.com/retr0h/osapi/internal/job/client/query.go:99.24,112.16 5 8
github.com/retr0h/osapi/internal/job/client/query.go:116.2,116.29 1 7
github.com/retr0h/osapi/internal/job/client/query.go:120.2,121.59 2 6
github.com/retr0h/osapi/internal/job/client/query.go:125.2,125.21 1 5
github.com/retr0h/osapi/internal/job/client/query.go:112.16,114.3 1 1
github.com/retr0h/osapi/internal/job/client/query.go:116.29,118.3 1 1
github.com/retr0h/osapi/internal/job/client/query.go:121.59,123.3 1 1
github.com/retr0h/osapi/internal/job/client/query.go:131.38,133.2 1 2
github.com/retr0h/osapi/internal/job/client/query.go:138.40,140.2 1 1
github.com/retr0h/osapi/internal/job/client/worker.go:43.9,58.17 3 2
github.com/retr0h/osapi/internal/job/client/worker.go:63.2,64.16 2 2
github.com/retr0h/osapi/internal/job/client/worker.go:69.2,70.16 2 2
github.com/retr0h/osapi/internal/job/client/worker.go:74.2,81.12 2 1
github.com/retr0h/osapi/internal/job/client/worker.go:58.17,60.3 1 2
github.com/retr0h/osapi/internal/job/client/worker.go:64.16,66.3 1 0
github.com/retr0h/osapi/internal/job/client/worker.go:70.16,72.3 1 1
github.com/retr0h/osapi/internal/job/client/worker.go:91.9,106.16 4 2
github.com/retr0h/osapi/internal/job/client/worker.go:111.2,112.16 2 2
github.com/retr0h/osapi/internal/job/client/worker.go:116.2,123.12 2 1
github.com/retr0h/osapi/internal/job/client/worker.go:106.16,108.3 1 0
github.com/retr0h/osapi/internal/job/client/worker.go:112.16,114.3 1 1
github.com/retr0h/osapi/internal/job/client/worker.go:132.9,135.33 1 2
github.com/retr0h/osapi/internal/job/client/worker.go:135.33,137.4 1 0
github.com/retr0h/osapi/internal/job/client/worker.go:141.81,143.16 2 2
github.com/retr0h/osapi/internal/job/client/worker.go:146.2,146.27 1 1
github.com/retr0h/osapi/internal/job/client/worker.go:143.16,145.3 1 1
github.com/retr0h/osapi/internal/job/client/worker.go:154.9,156.2 1 2
github.com/retr0h/osapi/internal/job/client/worker.go:159.46,163.2 2 4
github.com/retr0h/osapi/internal/provider/network/dns/ubuntu.go:39.11,44.2 1 12
github.com/retr0h/osapi/internal/provider/network/dns/ubuntu_get_resolv_conf_by_interface.go:55.20,59.16 4 15
github.com/retr0h/osapi/internal/provider/network/dns/ubuntu_get_resolv_conf_by_interface.go:67.2,67.48 1 13
github.com/retr0h/osapi/internal/provider/network/dns/ubuntu_get_resolv_conf_by_interface.go:71.2,75.77 3 12
github.com/retr0h/osapi/internal/provider/network/dns/ubuntu_get_resolv_conf_by_interface.go:80.2,81.79 2 12
github.com/retr0h/osapi/internal/provider/network/dns/ubuntu_get_resolv_conf_by_interface.go:87.2,87.20 1 12
github.com/retr0h/osapi/internal/provider/network/dns/ubuntu_get_resolv_conf_by_interface.go:59.16,61.3 1 2
github.com/retr0h/osapi/internal/provider/network/dns/ubuntu_get_resolv_conf_by_interface.go:67.48,69.3 1 1
github.com/retr0h/osapi/internal/provider/network/dns/ubuntu_get_resolv_conf_by_interface.go:75.77,77.3 1 12
github.com/retr0h/osapi/internal/provider/network/dns/ubuntu_get_resolv_conf_by_interface.go:81.79,83.3 1 9
github.com/retr0h/osapi/internal/provider/network/dns/ubuntu_get_resolv_conf_by_interface.go:83.8,85.3 1 3
github.com/retr0h/osapi/internal/provider/network/dns/ubuntu_update_resolv_conf_by_interface.go:58.9,65.50 2 8
github.com/retr0h/osapi/internal/provider/network/dns/ubuntu_update_resolv_conf_by_interface.go:69.2,70.16 2 7
github.com/retr0h/osapi/internal/provider/network/dns/ubuntu_update_resolv_conf_by_interface.go:75.2,75.23 1 6
github.com/retr0h/osapi/internal/provider/network/dns/ubuntu_update_resolv_conf_by_interface.go:78.2,78.29 1 6
github.com/retr0h/osapi/internal/provider/network/dns/ubuntu_update_resolv_conf_by_interface.go:83.2,83.22 1 6
github.com/retr0h/osapi/internal/provider/network/dns/ubuntu_update_resolv_conf_by_interface.go:92.2,93.39 2 5
github.com/retr0h/osapi/internal/provider/network/dns/ubuntu_update_resolv_conf_by_interface.go:98.2,98.30 1 5
github.com/retr0h/osapi/internal/provider/network/dns/ubuntu_update_resolv_conf_by_interface.go:107.2,107.12 1 4
github.com/retr0h/osapi/internal/provider/network/dns/ubuntu_update_resolv_conf_by_interface.go:65.50,67.3 1 1
github.com/retr0h/osapi/internal/provider/network/dns/ubuntu_update_resolv_conf_by_interface.go:70.16,72.3 1 1
github.com/retr0h/osapi/internal/provider/network/dns/ubuntu_update_resolv_conf_by_interface.go:75.23,77.3 1 1
github.com/retr0h/osapi/internal/provider/network/dns/ubuntu_update_resolv_conf_by_interface.go:78.29,80.3 1 2
github.com/retr0h/osapi/internal/provider/network/dns/ubuntu_update_resolv_conf_by_interface.go:83.22,87.17 4 6
github.com/retr0h/osapi/internal/provider/network/dns/ubuntu_update_resolv_conf_by_interface.go:87.17,89.4 1 1
github.com/retr0h/osapi/internal/provider/network/dns/ubuntu_update_resolv_conf_by_interface.go:93.39,94.20 1 9
github.com/retr0h/osapi/internal/provider/network/dns/ubuntu_update_resolv_conf_by_interface.go:94.20,96.4 1 8
github.com/retr0h/osapi/internal/provider/network/dns/ubuntu_update_resolv_conf_by_interface.go:98.30,102.17 4 4
github.com/retr0h/osapi/internal/provider/network/dns/ubuntu_update_resolv_conf_by_interface.go:102.17,104.4 1 1
github.com/retr0h/osapi/internal/provider/network/dns/linux.go:27.32,29.2 1 2
github.com/retr0h/osapi/internal/provider/network/dns/linux_get_by_interface_resolv_conf.go:33.20,35.30 1 1
github.com/retr0h/osapi/internal/provider/network/dns/linux_get_by_interface_resolv_conf.go:42.2,45.3 1 0
github.com/retr0h/osapi/internal/provider/network/dns/linux_get_by_interface_resolv_conf.go:35.30,40.3 1 1
github.com/retr0h/osapi/internal/provider/network/dns/linux_update_resolv_conf_by_interface.go:36.9,38.30 1 1
github.com/retr0h/osapi/internal/provider/network/dns/linux_update_resolv_conf_by_interface.go:42.2,48.3 1 0
github.com/retr0h/osapi/internal/provider/network/dns/linux_update_resolv_conf_by_interface.go:38.30,40.3 1 1
github.com/retr0h/osapi/internal/provider/system/disk/ubuntu.go:39.11,45.2 1 3
github.com/retr0h/osapi/internal/provider/system/disk/ubuntu_get_local_usage.go:40.61,42.16 2 3
github.com/retr0h/osapi/internal/provider/system/disk/ubuntu_get_local_usage.go:46.2,47.39 2 2
github.com/retr0h/osapi/internal/provider/system/disk/ubuntu_get_local_usage.go:74.2,74.24 1 1
github.com/retr0h/osapi/internal/provider/system/disk/ubuntu_get_local_usage.go:42.16,44.3 1 1
github.com/retr0h/osapi/internal/provider/system/disk/ubuntu_get_local_usage.go:47.39,49.87 1 7
github.com/retr0h/osapi/internal/provider/system/disk/ubuntu_get_local_usage.go:53.3,54.17 2 4
github.com/retr0h/osapi/internal/provider/system/disk/ubuntu_get_local_usage.go:66.3,71.5 1 2
github.com/retr0h/osapi/internal/provider/system/disk/ubuntu_get_local_usage.go:49.87,50.12 1 3
github.com/retr0h/osapi/internal/provider/system/disk/ubuntu_get_local_usage.go:54.17,55.30 1 2
github.com/retr0h/osapi/internal/provider/system/disk/ubuntu_get_local_usage.go:63.4,63.92 1 1
github.com/retr0h/osapi/internal/provider/system/disk/ubuntu_get_local_usage.go:55.30,61.13 2 1
github.com/retr0h/osapi/internal/provider/system/disk/ubuntu_get_local_usage.go:84.40,85.16 1 7
github.com/retr0h/osapi/internal/provider/system/disk/ubuntu_get_local_usage.go:90.2,90.44 1 6
github.com/retr0h/osapi/internal/provider/system/disk/ubuntu_get_local_usage.go:97.2,97.56 1 5
github.com/retr0h/osapi/internal/provider/system/disk/ubuntu_get_local_usage.go:101.2,101.14 1 4
github.com/retr0h/osapi/internal/provider/system/disk/ubuntu_get_local_usage.go:85.16,87.3 1 1
github.com/retr0h/osapi/internal/provider/system/disk/ubuntu_get_local_usage.go:90.44,91.78 1 3
github.com/retr0h/osapi/internal/provider/system/disk/ubuntu_get_local_usage.go:91.78,93.4 1 1
github.com/retr0h/osapi/internal/provider/system/disk/ubuntu_get_local_usage.go:97.56,99.3 1 1
github.com/retr0h/osapi/internal/provider/system/disk/ubuntu_get_local_usage.go:105.58,114.2 2 6
github.com/retr0h/osapi/internal/provider/system/disk/linux.go:27.32,29.2 1 1
github.com/retr0h/osapi/internal/provider/system/disk/linux_get_local_usage.go:31.60,33.2 1 1
github.com/retr0h/osapi/internal/provider/system/host/linux_get_uptime.go:30.52,32.2 1 1
github.com/retr0h/osapi/internal/provider/system/host/ubuntu.go:33.34,37.2 1 6
github.com/retr0h/osapi/internal/provider/system/host/ubuntu_get_os_info.go:30.47,32.16 2 2
github.com/retr0h/osapi/internal/provider/system/host/ubuntu_get_os_info.go:36.2,39.8 1 1
github.com/retr0h/osapi/internal/provider/system/host/ubuntu_get_os_info.go:32.16,34.3 1 1
github.com/retr0h/osapi/internal/provider/system/host/ubuntu_get_uptime.go:29.53,31.16 2 2
github.com/retr0h/osapi/internal/provider/system/host/ubuntu_get_uptime.go:34.2,34.58 1 1
github.com/retr0h/osapi/internal/provider/system/host/ubuntu_get_uptime.go:31.16,33.3 1 1
github.com/retr0h/osapi/internal/provider/system/host/linux.go:27.32,29.2 1 3
github.com/retr0h/osapi/internal/provider/system/host/ubuntu_get_hostname.go:25.48,27.16 2 2
github.com/retr0h/osapi/internal/provider/system/host/ubuntu_get_hostname.go:30.2,30.31 1 1
github.com/retr0h/osapi/internal/provider/system/host/ubuntu_get_hostname.go:27.16,29.3 1 1
github.com/retr0h/osapi/internal/provider/system/host/linux_get_hostname.go:29.49,31.2 1 1
github.com/retr0h/osapi/internal/provider/system/host/linux_get_os_info.go:30.46,32.2 1 1
github.com/retr0h/osapi/internal/provider/system/load/ubuntu_get_avg.go:26.59,28.16 2 2
github.com/retr0h/osapi/internal/provider/system/load/ubuntu_get_avg.go:31.2,35.8 1 1
github.com/retr0h/osapi/internal/provider/system/load/ubuntu_get_avg.go:28.16,30.3 1 1
github.com/retr0h/osapi/internal/provider/system/load/linux.go:27.32,29.2 1 1
github.com/retr0h/osapi/internal/provider/system/load/linux_get_avg.go:30.58,32.2 1 1
github.com/retr0h/osapi/internal/provider/system/load/ubuntu.go:33.34,37.2 1 2
github.com/retr0h/osapi/internal/provider/system/mem/linux.go:27.32,29.2 1 1
github.com/retr0h/osapi/internal/provider/system/mem/linux_get_vm.go:30.44,32.2 1 1
github.com/retr0h/osapi/internal/provider/system/mem/ubuntu.go:33.34,37.2 1 2
github.com/retr0h/osapi/internal/provider/system/mem/ubuntu_get_vm.go:26.45,28.16 2 2
github.com/retr0h/osapi/internal/provider/system/mem/ubuntu_get_vm.go:32.2,36.8 1 1
github.com/retr0h/osapi/internal/provider/system/mem/ubuntu_get_vm.go:28.16,30.3 1 1
github.com/retr0h/osapi/internal/task/dns.go:34.19,42.16 3 6
github.com/retr0h/osapi/internal/task/dns.go:47.2,53.16 3 6
github.com/retr0h/osapi/internal/task/dns.go:57.2,57.18 1 6
github.com/retr0h/osapi/internal/task/dns.go:42.16,44.3 1 0
github.com/retr0h/osapi/internal/task/dns.go:53.16,55.3 1 0
github.com/retr0h/osapi/internal/task/marshal.go:29.52,31.16 2 0
github.com/retr0h/osapi/internal/task/marshal.go:34.2,34.22 1 0
github.com/retr0h/osapi/internal/task/marshal.go:31.16,33.3 1 0
github.com/retr0h/osapi/internal/task/marshal.go:38.54,40.16 2 18
github.com/retr0h/osapi/internal/task/marshal.go:43.2,43.12 1 15
github.com/retr0h/osapi/internal/task/marshal.go:40.16,42.3 1 3
github.com/retr0h/osapi/internal/task/marshal.go:47.58,49.16 2 0
github.com/retr0h/osapi/internal/task/marshal.go:53.2,53.31 1 0
github.com/retr0h/osapi/internal/task/marshal.go:49.16,51.3 1 0
github.com/retr0h/osapi/internal/task/marshal.go:58.51,61.17 2 0
github.com/retr0h/osapi/internal/task/marshal.go:65.2,66.16 2 0
github.com/retr0h/osapi/internal/task/marshal.go:70.2,71.16 2 0
github.com/retr0h/osapi/internal/task/marshal.go:75.2,75.19 1 0
github.com/retr0h/osapi/internal/task/marshal.go:61.17,63.3 1 0
github.com/retr0h/osapi/internal/task/marshal.go:66.16,68.3 1 0
github.com/retr0h/osapi/internal/task/marshal.go:71.16,73.3 1 0
github.com/retr0h/osapi/internal/task/marshal.go:80.52,83.17 2 11
github.com/retr0h/osapi/internal/task/marshal.go:87.2,88.16 2 10
github.com/retr0h/osapi/internal/task/marshal.go:92.2,92.26 1 9
github.com/retr0h/osapi/internal/task/marshal.go:83.17,85.3 1 1
github.com/retr0h/osapi/internal/task/marshal.go:88.16,90.3 1 1
github.com/retr0h/osapi/internal/task/marshal.go:93.21,96.17 3 4
github.com/retr0h/osapi/internal/task/marshal.go:100.3,101.36 2 3
github.com/retr0h/osapi/internal/task/marshal.go:109.3,110.39 2 3
github.com/retr0h/osapi/internal/task/marshal.go:118.3,118.87 1 3
github.com/retr0h/osapi/internal/task/marshal.go:120.26,123.17 3 4
github.com/retr0h/osapi/internal/task/marshal.go:127.3,128.38 2 3
github.com/retr0h/osapi/internal/task/marshal.go:132.3,133.35 2 3
github.com/retr0h/osapi/internal/task/marshal.go:137.3,137.84 1 3
github.com/retr0h/osapi/internal/task/marshal.go:139.10,140.54 1 1
github.com/retr0h/osapi/internal/task/marshal.go:96.17,98.4 1 1
github.com/retr0h/osapi/internal/task/marshal.go:101.36,102.38 1 2
github.com/retr0h/osapi/internal/task/marshal.go:102.38,104.5 1 1
github.com/retr0h/osapi/internal/task/marshal.go:104.10,106.5 1 1
github.com/retr0h/osapi/internal/task/marshal.go:110.39,111.41 1 2
github.com/retr0h/osapi/internal/task/marshal.go:111.41,113.5 1 1
github.com/retr0h/osapi/internal/task/marshal.go:113.10,115.5 1 1
github.com/retr0h/osapi/internal/task/marshal.go:123.17,125.4 1 1
github.com/retr0h/osapi/internal/task/marshal.go:128.38,130.4 1 2
github.com/retr0h/osapi/internal/task/marshal.go:133.35,135.4 1 1
github.com/retr0h/osapi/internal/task/client/client.go:37.11,42.65 1 13
github.com/retr0h/osapi/internal/task/client/client.go:42.65,44.4 1 7
github.com/retr0h/osapi/internal/task/client/client.go:50.34,52.16 2 9
github.com/retr0h/osapi/internal/task/client/client.go:56.2,57.16 2 8
github.com/retr0h/osapi/internal/task/client/client.go:60.2,62.12 2 7
github.com/retr0h/osapi/internal/task/client/client.go:52.16,54.3 1 1
github.com/retr0h/osapi/internal/task/client/client.go:57.16,59.3 1 1
github.com/retr0h/osapi/internal/task/client/count.go:33.16,35.16 2 5
github.com/retr0h/osapi/internal/task/client/count.go:39.2,40.16 2 4
github.com/retr0h/osapi/internal/task/client/count.go:44.2,45.16 2 3
github.com/retr0h/osapi/internal/task/client/count.go:51.2,57.45 3 2
github.com/retr0h/osapi/internal/task/client/count.go:35.16,37.3 1 1
github.com/retr0h/osapi/internal/task/client/count.go:40.16,42.3 1 1
github.com/retr0h/osapi/internal/task/client/count.go:45.16,47.3 1 1
github.com/retr0h/osapi/internal/task/client/delete_seq.go:37.9,39.16 2 7
github.com/retr0h/osapi/internal/task/client/delete_seq.go:48.2,49.16 2 4
github.com/retr0h/osapi/internal/task/client/delete_seq.go:53.2,53.35 1 3
github.com/retr0h/osapi/internal/task/client/delete_seq.go:39.16,41.35 2 3
github.com/retr0h/osapi/internal/task/client/delete_seq.go:45.3,45.59 1 1
github.com/retr0h/osapi/internal/task/client/delete_seq.go:41.35,44.4 1 2
github.com/retr0h/osapi/internal/task/client/delete_seq.go:49.16,51.3 1 1
github.com/retr0h/osapi/internal/task/client/iterator.go:35.38,37.16 2 5
github.com/retr0h/osapi/internal/task/client/iterator.go:41.2,42.16 2 4
github.com/retr0h/osapi/internal/task/client/iterator.go:46.2,47.16 2 3
github.com/retr0h/osapi/internal/task/client/iterator.go:51.2,51.18 1 2
github.com/retr0h/osapi/internal/task/client/iterator.go:37.16,39.3 1 1
github.com/retr0h/osapi/internal/task/client/iterator.go:42.16,44.3 1 1
github.com/retr0h/osapi/internal/task/client/iterator.go:47.16,49.3 1 1
github.com/retr0h/osapi/internal/task/client/list.go:47.26,49.16 2 8
github.com/retr0h/osapi/internal/task/client/list.go:53.2,54.16 2 7
github.com/retr0h/osapi/internal/task/client/list.go:58.2,59.16 2 6
github.com/retr0h/osapi/internal/task/client/list.go:63.2,70.16 3 5
github.com/retr0h/osapi/internal/task/client/list.go:74.2,81.44 5 4
github.com/retr0h/osapi/internal/task/client/list.go:103.2,103.26 1 2
github.com/retr0h/osapi/internal/task/client/list.go:49.16,51.3 1 1
github.com/retr0h/osapi/internal/task/client/list.go:54.16,56.3 1 1
github.com/retr0h/osapi/internal/task/client/list.go:59.16,61.3 1 1
github.com/retr0h/osapi/internal/task/client/list.go:70.16,72.3 1 1
github.com/retr0h/osapi/internal/task/client/list.go:81.44,83.17 2 7
github.com/retr0h/osapi/internal/task/client/list.go:87.3,87.43 1 6
github.com/retr0h/osapi/internal/task/client/list.go:83.17,85.4 1 1
github.com/retr0h/osapi/internal/task/client/list.go:87.43,89.18 2 6
github.com/retr0h/osapi/internal/task/client/list.go:93.4,99.45 2 5
github.com/retr0h/osapi/internal/task/client/list.go:89.18,91.5 1 1
github.com/retr0h/osapi/internal/task/client/get_seq.go:39.25,41.16 2 13
github.com/retr0h/osapi/internal/task/client/get_seq.go:45.2,46.16 2 12
github.com/retr0h/osapi/internal/task/client/get_seq.go:58.2,64.18 2 6
github.com/retr0h/osapi/internal/task/client/get_seq.go:41.16,43.3 1 1
github.com/retr0h/osapi/internal/task/client/get_seq.go:46.16,48.30 2 6
github.com/retr0h/osapi/internal/task/client/get_seq.go:55.3,55.62 1 2
github.com/retr0h/osapi/internal/task/client/get_seq.go:48.30,49.26 1 4
github.com/retr0h/osapi/internal/task/client/get_seq.go:49.26,53.5 1 4
github.com/retr0h/osapi/internal/task/client/publish.go:34.19,36.16 2 11
github.com/retr0h/osapi/internal/task/client/publish.go:40.2,40.26 1 10
github.com/retr0h/osapi/internal/task/client/publish.go:36.16,38.3 1 1
github.com/retr0h/osapi/internal/provider/network/ping/ubuntu_do.go:42.54,44.16 2 4
github.com/retr0h/osapi/internal/provider/network/ping/ubuntu_do.go:48.2,60.12 8 3
github.com/retr0h/osapi/internal/provider/network/ping/ubuntu_do.go:81.2,81.9 1 3
github.com/retr0h/osapi/internal/provider/network/ping/ubuntu_do.go:44.16,46.3 1 1
github.com/retr0h/osapi/internal/provider/network/ping/ubuntu_do.go:60.12,62.17 2 3
github.com/retr0h/osapi/internal/provider/network/ping/ubuntu_do.go:67.3,77.23 3 1
github.com/retr0h/osapi/internal/provider/network/ping/ubuntu_do.go:62.17,65.4 2 1
github.com/retr0h/osapi/internal/provider/network/ping/ubuntu_do.go:82.20,83.71 1 1
github.com/retr0h/osapi/internal/provider/network/ping/ubuntu_do.go:84.26,85.18 1 1
github.com/retr0h/osapi/internal/provider/network/ping/ubuntu_do.go:86.30,87.21 1 1
github.com/retr0h/osapi/internal/provider/network/ping/linux.go:27.32,29.2 1 1
github.com/retr0h/osapi/internal/provider/network/ping/linux_do.go:28.47,30.2 1 1
github.com/retr0h/osapi/internal/provider/network/ping/ubuntu.go:33.34,35.53 1 4
github.com/retr0h/osapi/internal/provider/network/ping/ubuntu.go:35.53,37.18 2 1
github.com/retr0h/osapi/internal/provider/network/ping/ubuntu.go:40.4,40.49 1 0
github.com/retr0h/osapi/internal/provider/network/ping/ubuntu.go:37.18,39.5 1 1
github.com/retr0h/osapi/internal/provider/network/ping/ubuntu.go:46.45,48.2 1 0
